[0.007s] Invoking command in '/home/samuel/MCAV/ESDA/Asterius_MK2/Asterius_MK2_ws/esda_simulation/build/esda_simulation_2025': CMAKE_PREFIX_PATH=${CMAKE_PREFIX_PATH}:/opt/ros/humble /usr/bin/cmake /home/samuel/MCAV/ESDA/Asterius_MK2/Asterius_MK2_ws/esda_simulation/src/esda_simulation_2025 -DCMAKE_INSTALL_PREFIX=/home/samuel/MCAV/ESDA/Asterius_MK2/Asterius_MK2_ws/esda_simulation/install/esda_simulation_2025
[0.057s] -- The C compiler identification is GNU 11.4.0
[0.096s] -- The CXX compiler identification is GNU 11.4.0
[0.102s] -- Detecting C compiler ABI info
[0.144s] -- Detecting C compiler ABI info - done
[0.148s] -- Check for working C compiler: /usr/lib/ccache/cc - skipped
[0.149s] -- Detecting C compile features
[0.149s] -- Detecting C compile features - done
[0.151s] -- Detecting CXX compiler ABI info
[0.199s] -- Detecting CXX compiler ABI info - done
[0.204s] -- Check for working CXX compiler: /usr/lib/ccache/c++ - skipped
[0.204s] -- Detecting CXX compile features
[0.204s] -- Detecting CXX compile features - done
[0.206s] -- Found ament_cmake: 1.3.11 (/opt/ros/humble/share/ament_cmake/cmake)
[0.445s] -- Found Python3: /usr/bin/python3 (found version "3.10.12") found components: Interpreter 
[0.505s] -- Found ament_lint_auto: 0.12.12 (/opt/ros/humble/share/ament_lint_auto/cmake)
[0.559s] -- Added test 'copyright' to check source files copyright and LICENSE
[0.573s] -- Added test 'flake8' to check Python code syntax and style conventions
[0.575s] -- Added test 'lint_cmake' to check CMake code style
[0.577s] -- Added test 'pep257' to check Python code against some of the docstring style conventions in PEP 257
[0.584s] -- Added test 'xmllint' to check XML markup files
[0.585s] -- Configuring done
[0.587s] -- Generating done
[0.588s] -- Build files have been written to: /home/samuel/MCAV/ESDA/Asterius_MK2/Asterius_MK2_ws/esda_simulation/build/esda_simulation_2025
[0.591s] Invoked command in '/home/samuel/MCAV/ESDA/Asterius_MK2/Asterius_MK2_ws/esda_simulation/build/esda_simulation_2025' returned '0': CMAKE_PREFIX_PATH=${CMAKE_PREFIX_PATH}:/opt/ros/humble /usr/bin/cmake /home/samuel/MCAV/ESDA/Asterius_MK2/Asterius_MK2_ws/esda_simulation/src/esda_simulation_2025 -DCMAKE_INSTALL_PREFIX=/home/samuel/MCAV/ESDA/Asterius_MK2/Asterius_MK2_ws/esda_simulation/install/esda_simulation_2025
[0.592s] Invoking command in '/home/samuel/MCAV/ESDA/Asterius_MK2/Asterius_MK2_ws/esda_simulation/build/esda_simulation_2025': CMAKE_PREFIX_PATH=${CMAKE_PREFIX_PATH}:/opt/ros/humble /usr/bin/cmake --build /home/samuel/MCAV/ESDA/Asterius_MK2/Asterius_MK2_ws/esda_simulation/build/esda_simulation_2025 -- -j20 -l20
[0.620s] Invoked command in '/home/samuel/MCAV/ESDA/Asterius_MK2/Asterius_MK2_ws/esda_simulation/build/esda_simulation_2025' returned '0': CMAKE_PREFIX_PATH=${CMAKE_PREFIX_PATH}:/opt/ros/humble /usr/bin/cmake --build /home/samuel/MCAV/ESDA/Asterius_MK2/Asterius_MK2_ws/esda_simulation/build/esda_simulation_2025 -- -j20 -l20
[0.629s] Invoking command in '/home/samuel/MCAV/ESDA/Asterius_MK2/Asterius_MK2_ws/esda_simulation/build/esda_simulation_2025': CMAKE_PREFIX_PATH=${CMAKE_PREFIX_PATH}:/opt/ros/humble /usr/bin/cmake --install /home/samuel/MCAV/ESDA/Asterius_MK2/Asterius_MK2_ws/esda_simulation/build/esda_simulation_2025
[0.634s] -- Install configuration: ""
[0.634s] -- Installing: /home/samuel/MCAV/ESDA/Asterius_MK2/Asterius_MK2_ws/esda_simulation/install/esda_simulation_2025/share/esda_simulation_2025/config
[0.634s] -- Installing: /home/samuel/MCAV/ESDA/Asterius_MK2/Asterius_MK2_ws/esda_simulation/install/esda_simulation_2025/share/esda_simulation_2025/config/mapper_params_localization.yaml
[0.634s] -- Installing: /home/samuel/MCAV/ESDA/Asterius_MK2/Asterius_MK2_ws/esda_simulation/install/esda_simulation_2025/share/esda_simulation_2025/config/empty.yaml
[0.634s] -- Installing: /home/samuel/MCAV/ESDA/Asterius_MK2/Asterius_MK2_ws/esda_simulation/install/esda_simulation_2025/share/esda_simulation_2025/config/nav2_params.yaml
[0.634s] -- Installing: /home/samuel/MCAV/ESDA/Asterius_MK2/Asterius_MK2_ws/esda_simulation/install/esda_simulation_2025/share/esda_simulation_2025/config/gaz_ros2_ctl_use_sim.yaml
[0.634s] -- Installing: /home/samuel/MCAV/ESDA/Asterius_MK2/Asterius_MK2_ws/esda_simulation/install/esda_simulation_2025/share/esda_simulation_2025/config/view_bot.rviz
[0.635s] -- Installing: /home/samuel/MCAV/ESDA/Asterius_MK2/Asterius_MK2_ws/esda_simulation/install/esda_simulation_2025/share/esda_simulation_2025/config/my_controllers_2wd.yaml
[0.635s] -- Installing: /home/samuel/MCAV/ESDA/Asterius_MK2/Asterius_MK2_ws/esda_simulation/install/esda_simulation_2025/share/esda_simulation_2025/config/mapper_params_online_async.yaml
[0.635s] -- Installing: /home/samuel/MCAV/ESDA/Asterius_MK2/Asterius_MK2_ws/esda_simulation/install/esda_simulation_2025/share/esda_simulation_2025/description
[0.635s] -- Installing: /home/samuel/MCAV/ESDA/Asterius_MK2/Asterius_MK2_ws/esda_simulation/install/esda_simulation_2025/share/esda_simulation_2025/description/robot.urdf.xacro
[0.635s] -- Installing: /home/samuel/MCAV/ESDA/Asterius_MK2/Asterius_MK2_ws/esda_simulation/install/esda_simulation_2025/share/esda_simulation_2025/description/gazebo_control.xacro
[0.635s] -- Installing: /home/samuel/MCAV/ESDA/Asterius_MK2/Asterius_MK2_ws/esda_simulation/install/esda_simulation_2025/share/esda_simulation_2025/description/inertial_macros.xacro
[0.635s] -- Installing: /home/samuel/MCAV/ESDA/Asterius_MK2/Asterius_MK2_ws/esda_simulation/install/esda_simulation_2025/share/esda_simulation_2025/description/depth_camera.xacro
[0.635s] -- Installing: /home/samuel/MCAV/ESDA/Asterius_MK2/Asterius_MK2_ws/esda_simulation/install/esda_simulation_2025/share/esda_simulation_2025/description/lidar.xacro
[0.635s] -- Installing: /home/samuel/MCAV/ESDA/Asterius_MK2/Asterius_MK2_ws/esda_simulation/install/esda_simulation_2025/share/esda_simulation_2025/description/ros2_control_2wd.xacro
[0.635s] -- Installing: /home/samuel/MCAV/ESDA/Asterius_MK2/Asterius_MK2_ws/esda_simulation/install/esda_simulation_2025/share/esda_simulation_2025/description/camera.xacro
[0.636s] -- Installing: /home/samuel/MCAV/ESDA/Asterius_MK2/Asterius_MK2_ws/esda_simulation/install/esda_simulation_2025/share/esda_simulation_2025/description/robot_visual.xacro
[0.636s] -- Installing: /home/samuel/MCAV/ESDA/Asterius_MK2/Asterius_MK2_ws/esda_simulation/install/esda_simulation_2025/share/esda_simulation_2025/description/robot_core_ref.xacro
[0.636s] -- Installing: /home/samuel/MCAV/ESDA/Asterius_MK2/Asterius_MK2_ws/esda_simulation/install/esda_simulation_2025/share/esda_simulation_2025/launch
[0.636s] -- Installing: /home/samuel/MCAV/ESDA/Asterius_MK2/Asterius_MK2_ws/esda_simulation/install/esda_simulation_2025/share/esda_simulation_2025/launch/rsp.launch.py
[0.636s] -- Installing: /home/samuel/MCAV/ESDA/Asterius_MK2/Asterius_MK2_ws/esda_simulation/install/esda_simulation_2025/share/esda_simulation_2025/launch/online_async_launch.py
[0.636s] -- Installing: /home/samuel/MCAV/ESDA/Asterius_MK2/Asterius_MK2_ws/esda_simulation/install/esda_simulation_2025/share/esda_simulation_2025/launch/localization_launch.py
[0.636s] -- Installing: /home/samuel/MCAV/ESDA/Asterius_MK2/Asterius_MK2_ws/esda_simulation/install/esda_simulation_2025/share/esda_simulation_2025/launch/navigation_launch.py
[0.636s] -- Installing: /home/samuel/MCAV/ESDA/Asterius_MK2/Asterius_MK2_ws/esda_simulation/install/esda_simulation_2025/share/esda_simulation_2025/launch/launch_sim.launch.py
[0.636s] -- Installing: /home/samuel/MCAV/ESDA/Asterius_MK2/Asterius_MK2_ws/esda_simulation/install/esda_simulation_2025/share/esda_simulation_2025/worlds
[0.636s] -- Installing: /home/samuel/MCAV/ESDA/Asterius_MK2/Asterius_MK2_ws/esda_simulation/install/esda_simulation_2025/share/esda_simulation_2025/worlds/igvc.sdf
[0.636s] -- Installing: /home/samuel/MCAV/ESDA/Asterius_MK2/Asterius_MK2_ws/esda_simulation/install/esda_simulation_2025/share/esda_simulation_2025/worlds/sim_world.sdf
[0.636s] -- Installing: /home/samuel/MCAV/ESDA/Asterius_MK2/Asterius_MK2_ws/esda_simulation/install/esda_simulation_2025/share/esda_simulation_2025/assets
[0.636s] -- Installing: /home/samuel/MCAV/ESDA/Asterius_MK2/Asterius_MK2_ws/esda_simulation/install/esda_simulation_2025/share/esda_simulation_2025/assets/zed2_ip_outer_with_lens_v8__2.stl
[0.636s] -- Installing: /home/samuel/MCAV/ESDA/Asterius_MK2/Asterius_MK2_ws/esda_simulation/install/esda_simulation_2025/share/esda_simulation_2025/assets/drve_middle.part
[0.636s] -- Installing: /home/samuel/MCAV/ESDA/Asterius_MK2/Asterius_MK2_ws/esda_simulation/install/esda_simulation_2025/share/esda_simulation_2025/assets/fcid_body_left__configuration_ali_2mm.stl
[0.636s] -- Installing: /home/samuel/MCAV/ESDA/Asterius_MK2/Asterius_MK2_ws/esda_simulation/install/esda_simulation_2025/share/esda_simulation_2025/assets/drve_bottom_plate.stl
[0.636s] -- Installing: /home/samuel/MCAV/ESDA/Asterius_MK2/Asterius_MK2_ws/esda_simulation/install/esda_simulation_2025/share/esda_simulation_2025/assets/fcid_lidar_fin.stl
[0.636s] -- Installing: /home/samuel/MCAV/ESDA/Asterius_MK2/Asterius_MK2_ws/esda_simulation/install/esda_simulation_2025/share/esda_simulation_2025/assets/bort_tire.stl
[0.637s] -- Installing: /home/samuel/MCAV/ESDA/Asterius_MK2/Asterius_MK2_ws/esda_simulation/install/esda_simulation_2025/share/esda_simulation_2025/assets/fcid_gps_fin.stl
[0.637s] -- Installing: /home/samuel/MCAV/ESDA/Asterius_MK2/Asterius_MK2_ws/esda_simulation/install/esda_simulation_2025/share/esda_simulation_2025/assets/fcid_rear__configuration_ali_2mm.part
[0.637s] -- Installing: /home/samuel/MCAV/ESDA/Asterius_MK2/Asterius_MK2_ws/esda_simulation/install/esda_simulation_2025/share/esda_simulation_2025/assets/arm_endcap.part
[0.637s] -- Installing: /home/samuel/MCAV/ESDA/Asterius_MK2/Asterius_MK2_ws/esda_simulation/install/esda_simulation_2025/share/esda_simulation_2025/assets/fcid_rear__configuration_ali_2mm.stl
[0.637s] -- Installing: /home/samuel/MCAV/ESDA/Asterius_MK2/Asterius_MK2_ws/esda_simulation/install/esda_simulation_2025/share/esda_simulation_2025/assets/optic__2.part
[0.637s] -- Installing: /home/samuel/MCAV/ESDA/Asterius_MK2/Asterius_MK2_ws/esda_simulation/install/esda_simulation_2025/share/esda_simulation_2025/assets/bearing_spacer.part
[0.637s] -- Installing: /home/samuel/MCAV/ESDA/Asterius_MK2/Asterius_MK2_ws/esda_simulation/install/esda_simulation_2025/share/esda_simulation_2025/assets/cstr_wheel_rim.part
[0.637s] -- Installing: /home/samuel/MCAV/ESDA/Asterius_MK2/Asterius_MK2_ws/esda_simulation/install/esda_simulation_2025/share/esda_simulation_2025/assets/fcid_gps_fin.part
[0.637s] -- Installing: /home/samuel/MCAV/ESDA/Asterius_MK2/Asterius_MK2_ws/esda_simulation/install/esda_simulation_2025/share/esda_simulation_2025/assets/bearing_spacer.stl
[0.638s] -- Installing: /home/samuel/MCAV/ESDA/Asterius_MK2/Asterius_MK2_ws/esda_simulation/install/esda_simulation_2025/share/esda_simulation_2025/assets/fcid_lid__configuration_ali_2mm.part
[0.638s] -- Installing: /home/samuel/MCAV/ESDA/Asterius_MK2/Asterius_MK2_ws/esda_simulation/install/esda_simulation_2025/share/esda_simulation_2025/assets/fcid_body_left__configuration_ali_2mm.part
[0.638s] -- Installing: /home/samuel/MCAV/ESDA/Asterius_MK2/Asterius_MK2_ws/esda_simulation/install/esda_simulation_2025/share/esda_simulation_2025/assets/fcid_welded_body__configuration_ali_2mm.stl
[0.638s] -- Installing: /home/samuel/MCAV/ESDA/Asterius_MK2/Asterius_MK2_ws/esda_simulation/install/esda_simulation_2025/share/esda_simulation_2025/assets/zed2_ip_outer_with_lens_v8.part
[0.638s] -- Installing: /home/samuel/MCAV/ESDA/Asterius_MK2/Asterius_MK2_ws/esda_simulation/install/esda_simulation_2025/share/esda_simulation_2025/assets/fcid_divider_mount__configuration_ali_2mm.stl
[0.638s] -- Installing: /home/samuel/MCAV/ESDA/Asterius_MK2/Asterius_MK2_ws/esda_simulation/install/esda_simulation_2025/share/esda_simulation_2025/assets/drve_output_carrier.part
[0.638s] -- Installing: /home/samuel/MCAV/ESDA/Asterius_MK2/Asterius_MK2_ws/esda_simulation/install/esda_simulation_2025/share/esda_simulation_2025/assets/caster_arm_r.stl
[0.638s] -- Installing: /home/samuel/MCAV/ESDA/Asterius_MK2/Asterius_MK2_ws/esda_simulation/install/esda_simulation_2025/share/esda_simulation_2025/assets/arm_endcap.stl
[0.638s] -- Installing: /home/samuel/MCAV/ESDA/Asterius_MK2/Asterius_MK2_ws/esda_simulation/install/esda_simulation_2025/share/esda_simulation_2025/assets/drve_middle.stl
[0.639s] -- Installing: /home/samuel/MCAV/ESDA/Asterius_MK2/Asterius_MK2_ws/esda_simulation/install/esda_simulation_2025/share/esda_simulation_2025/assets/bort_motor.stl
[0.645s] -- Installing: /home/samuel/MCAV/ESDA/Asterius_MK2/Asterius_MK2_ws/esda_simulation/install/esda_simulation_2025/share/esda_simulation_2025/assets/fcid_lid__configuration_ali_2mm.stl
[0.646s] -- Installing: /home/samuel/MCAV/ESDA/Asterius_MK2/Asterius_MK2_ws/esda_simulation/install/esda_simulation_2025/share/esda_simulation_2025/assets/optic__3.part
[0.646s] -- Installing: /home/samuel/MCAV/ESDA/Asterius_MK2/Asterius_MK2_ws/esda_simulation/install/esda_simulation_2025/share/esda_simulation_2025/assets/fcid_divider__configuration_ali_2mm.stl
[0.646s] -- Installing: /home/samuel/MCAV/ESDA/Asterius_MK2/Asterius_MK2_ws/esda_simulation/install/esda_simulation_2025/share/esda_simulation_2025/assets/cstr_wheel_rim.stl
[0.647s] -- Installing: /home/samuel/MCAV/ESDA/Asterius_MK2/Asterius_MK2_ws/esda_simulation/install/esda_simulation_2025/share/esda_simulation_2025/assets/zed2_ip_outer_with_lens_v8__3.stl
[0.647s] -- Installing: /home/samuel/MCAV/ESDA/Asterius_MK2/Asterius_MK2_ws/esda_simulation/install/esda_simulation_2025/share/esda_simulation_2025/assets/optic.stl
[0.647s] -- Installing: /home/samuel/MCAV/ESDA/Asterius_MK2/Asterius_MK2_ws/esda_simulation/install/esda_simulation_2025/share/esda_simulation_2025/assets/optic__3.stl
[0.647s] -- Installing: /home/samuel/MCAV/ESDA/Asterius_MK2/Asterius_MK2_ws/esda_simulation/install/esda_simulation_2025/share/esda_simulation_2025/assets/cstr_wheel_tyre.part
[0.647s] -- Installing: /home/samuel/MCAV/ESDA/Asterius_MK2/Asterius_MK2_ws/esda_simulation/install/esda_simulation_2025/share/esda_simulation_2025/assets/bort_motor.part
[0.647s] -- Installing: /home/samuel/MCAV/ESDA/Asterius_MK2/Asterius_MK2_ws/esda_simulation/install/esda_simulation_2025/share/esda_simulation_2025/assets/optic__2.stl
[0.647s] -- Installing: /home/samuel/MCAV/ESDA/Asterius_MK2/Asterius_MK2_ws/esda_simulation/install/esda_simulation_2025/share/esda_simulation_2025/assets/bort_rim.part
[0.648s] -- Installing: /home/samuel/MCAV/ESDA/Asterius_MK2/Asterius_MK2_ws/esda_simulation/install/esda_simulation_2025/share/esda_simulation_2025/assets/fcid_divider_mount__configuration_ali_2mm.part
[0.648s] -- Installing: /home/samuel/MCAV/ESDA/Asterius_MK2/Asterius_MK2_ws/esda_simulation/install/esda_simulation_2025/share/esda_simulation_2025/assets/caster_arm_r.part
[0.648s] -- Installing: /home/samuel/MCAV/ESDA/Asterius_MK2/Asterius_MK2_ws/esda_simulation/install/esda_simulation_2025/share/esda_simulation_2025/assets/arm_rhs.stl
[0.648s] -- Installing: /home/samuel/MCAV/ESDA/Asterius_MK2/Asterius_MK2_ws/esda_simulation/install/esda_simulation_2025/share/esda_simulation_2025/assets/robot.urdf
[0.648s] -- Installing: /home/samuel/MCAV/ESDA/Asterius_MK2/Asterius_MK2_ws/esda_simulation/install/esda_simulation_2025/share/esda_simulation_2025/assets/optic__4.part
[0.648s] -- Installing: /home/samuel/MCAV/ESDA/Asterius_MK2/Asterius_MK2_ws/esda_simulation/install/esda_simulation_2025/share/esda_simulation_2025/assets/fcid_body_right__configuration_ali_2mm.stl
[0.648s] -- Installing: /home/samuel/MCAV/ESDA/Asterius_MK2/Asterius_MK2_ws/esda_simulation/install/esda_simulation_2025/share/esda_simulation_2025/assets/drve_arm_bracket.stl
[0.649s] -- Installing: /home/samuel/MCAV/ESDA/Asterius_MK2/Asterius_MK2_ws/esda_simulation/install/esda_simulation_2025/share/esda_simulation_2025/assets/fcid_camera_mount.stl
[0.649s] -- Installing: /home/samuel/MCAV/ESDA/Asterius_MK2/Asterius_MK2_ws/esda_simulation/install/esda_simulation_2025/share/esda_simulation_2025/assets/optic__4.stl
[0.649s] -- Installing: /home/samuel/MCAV/ESDA/Asterius_MK2/Asterius_MK2_ws/esda_simulation/install/esda_simulation_2025/share/esda_simulation_2025/assets/zed2_ip_outer_with_lens_v8__3.part
[0.649s] -- Installing: /home/samuel/MCAV/ESDA/Asterius_MK2/Asterius_MK2_ws/esda_simulation/install/esda_simulation_2025/share/esda_simulation_2025/assets/drve_output_carrier.stl
[0.649s] -- Installing: /home/samuel/MCAV/ESDA/Asterius_MK2/Asterius_MK2_ws/esda_simulation/install/esda_simulation_2025/share/esda_simulation_2025/assets/fcid_divider__configuration_ali_2mm.part
[0.649s] -- Installing: /home/samuel/MCAV/ESDA/Asterius_MK2/Asterius_MK2_ws/esda_simulation/install/esda_simulation_2025/share/esda_simulation_2025/assets/optic.part
[0.649s] -- Installing: /home/samuel/MCAV/ESDA/Asterius_MK2/Asterius_MK2_ws/esda_simulation/install/esda_simulation_2025/share/esda_simulation_2025/assets/fcid_lidar_fin.part
[0.649s] -- Installing: /home/samuel/MCAV/ESDA/Asterius_MK2/Asterius_MK2_ws/esda_simulation/install/esda_simulation_2025/share/esda_simulation_2025/assets/zed2_ip_outer_with_lens_v8__2.part
[0.649s] -- Installing: /home/samuel/MCAV/ESDA/Asterius_MK2/Asterius_MK2_ws/esda_simulation/install/esda_simulation_2025/share/esda_simulation_2025/assets/part_1.part
[0.649s] -- Installing: /home/samuel/MCAV/ESDA/Asterius_MK2/Asterius_MK2_ws/esda_simulation/install/esda_simulation_2025/share/esda_simulation_2025/assets/velodyne_vlp16.stl
[0.649s] -- Installing: /home/samuel/MCAV/ESDA/Asterius_MK2/Asterius_MK2_ws/esda_simulation/install/esda_simulation_2025/share/esda_simulation_2025/assets/drve_top_plate.part
[0.649s] -- Installing: /home/samuel/MCAV/ESDA/Asterius_MK2/Asterius_MK2_ws/esda_simulation/install/esda_simulation_2025/share/esda_simulation_2025/assets/drve_bottom_plate.part
[0.649s] -- Installing: /home/samuel/MCAV/ESDA/Asterius_MK2/Asterius_MK2_ws/esda_simulation/install/esda_simulation_2025/share/esda_simulation_2025/assets/zed2_ip_outer_with_lens_v8.stl
[0.650s] -- Installing: /home/samuel/MCAV/ESDA/Asterius_MK2/Asterius_MK2_ws/esda_simulation/install/esda_simulation_2025/share/esda_simulation_2025/assets/part_1.stl
[0.650s] -- Installing: /home/samuel/MCAV/ESDA/Asterius_MK2/Asterius_MK2_ws/esda_simulation/install/esda_simulation_2025/share/esda_simulation_2025/assets/drve_arm_bracket.part
[0.650s] -- Installing: /home/samuel/MCAV/ESDA/Asterius_MK2/Asterius_MK2_ws/esda_simulation/install/esda_simulation_2025/share/esda_simulation_2025/assets/bort_tire.part
[0.650s] -- Installing: /home/samuel/MCAV/ESDA/Asterius_MK2/Asterius_MK2_ws/esda_simulation/install/esda_simulation_2025/share/esda_simulation_2025/assets/velodyne_vlp16.part
[0.650s] -- Installing: /home/samuel/MCAV/ESDA/Asterius_MK2/Asterius_MK2_ws/esda_simulation/install/esda_simulation_2025/share/esda_simulation_2025/assets/bort_rim.stl
[0.650s] -- Installing: /home/samuel/MCAV/ESDA/Asterius_MK2/Asterius_MK2_ws/esda_simulation/install/esda_simulation_2025/share/esda_simulation_2025/assets/cstr_wheel_tyre.stl
[0.650s] -- Installing: /home/samuel/MCAV/ESDA/Asterius_MK2/Asterius_MK2_ws/esda_simulation/install/esda_simulation_2025/share/esda_simulation_2025/assets/fcid_body_right__configuration_ali_2mm.part
[0.650s] -- Installing: /home/samuel/MCAV/ESDA/Asterius_MK2/Asterius_MK2_ws/esda_simulation/install/esda_simulation_2025/share/esda_simulation_2025/assets/arm_rhs.part
[0.651s] -- Installing: /home/samuel/MCAV/ESDA/Asterius_MK2/Asterius_MK2_ws/esda_simulation/install/esda_simulation_2025/share/esda_simulation_2025/assets/fcid_welded_body__configuration_ali_2mm.part
[0.651s] -- Installing: /home/samuel/MCAV/ESDA/Asterius_MK2/Asterius_MK2_ws/esda_simulation/install/esda_simulation_2025/share/esda_simulation_2025/assets/drve_top_plate.stl
[0.651s] -- Installing: /home/samuel/MCAV/ESDA/Asterius_MK2/Asterius_MK2_ws/esda_simulation/install/esda_simulation_2025/share/esda_simulation_2025/assets/fcid_camera_mount.part
[0.651s] -- Installing: /home/samuel/MCAV/ESDA/Asterius_MK2/Asterius_MK2_ws/esda_simulation/install/esda_simulation_2025/share/esda_simulation_2025/maps
[0.651s] -- Installing: /home/samuel/MCAV/ESDA/Asterius_MK2/Asterius_MK2_ws/esda_simulation/install/esda_simulation_2025/share/esda_simulation_2025/maps/my_map_save.yaml
[0.651s] -- Installing: /home/samuel/MCAV/ESDA/Asterius_MK2/Asterius_MK2_ws/esda_simulation/install/esda_simulation_2025/share/esda_simulation_2025/maps/my_map_save.pgm
[0.651s] -- Installing: /home/samuel/MCAV/ESDA/Asterius_MK2/Asterius_MK2_ws/esda_simulation/install/esda_simulation_2025/share/esda_simulation_2025/models
[0.651s] -- Installing: /home/samuel/MCAV/ESDA/Asterius_MK2/Asterius_MK2_ws/esda_simulation/install/esda_simulation_2025/share/esda_simulation_2025/models/orange_igvc
[0.651s] -- Installing: /home/samuel/MCAV/ESDA/Asterius_MK2/Asterius_MK2_ws/esda_simulation/install/esda_simulation_2025/share/esda_simulation_2025/models/orange_igvc/model.config
[0.651s] -- Installing: /home/samuel/MCAV/ESDA/Asterius_MK2/Asterius_MK2_ws/esda_simulation/install/esda_simulation_2025/share/esda_simulation_2025/models/orange_igvc/meshes
[0.651s] -- Installing: /home/samuel/MCAV/ESDA/Asterius_MK2/Asterius_MK2_ws/esda_simulation/install/esda_simulation_2025/share/esda_simulation_2025/models/orange_igvc/meshes/ground.dae
[0.651s] -- Installing: /home/samuel/MCAV/ESDA/Asterius_MK2/Asterius_MK2_ws/esda_simulation/install/esda_simulation_2025/share/esda_simulation_2025/models/orange_igvc/meshes/construction_barrel.dae
[0.651s] -- Installing: /home/samuel/MCAV/ESDA/Asterius_MK2/Asterius_MK2_ws/esda_simulation/install/esda_simulation_2025/share/esda_simulation_2025/models/orange_igvc/model.sdf
[0.651s] -- Installing: /home/samuel/MCAV/ESDA/Asterius_MK2/Asterius_MK2_ws/esda_simulation/install/esda_simulation_2025/share/esda_simulation_2025/models/orange_igvc/materials
[0.651s] -- Installing: /home/samuel/MCAV/ESDA/Asterius_MK2/Asterius_MK2_ws/esda_simulation/install/esda_simulation_2025/share/esda_simulation_2025/models/orange_igvc/materials/textures
[0.651s] -- Installing: /home/samuel/MCAV/ESDA/Asterius_MK2/Asterius_MK2_ws/esda_simulation/install/esda_simulation_2025/share/esda_simulation_2025/models/orange_igvc/materials/textures/ground.png
[0.653s] -- Installing: /home/samuel/MCAV/ESDA/Asterius_MK2/Asterius_MK2_ws/esda_simulation/install/esda_simulation_2025/share/esda_simulation_2025/models/orange_igvc/materials/textures/Construction_Barrel_Diffuse.png
[0.653s] -- Installing: /home/samuel/MCAV/ESDA/Asterius_MK2/Asterius_MK2_ws/esda_simulation/install/esda_simulation_2025/share/esda_simulation_2025/models/orange_igvc/materials/scripts
[0.653s] -- Installing: /home/samuel/MCAV/ESDA/Asterius_MK2/Asterius_MK2_ws/esda_simulation/install/esda_simulation_2025/share/esda_simulation_2025/models/orange_igvc/materials/scripts/ground.material
[0.653s] -- Installing: /home/samuel/MCAV/ESDA/Asterius_MK2/Asterius_MK2_ws/esda_simulation/install/esda_simulation_2025/share/ament_index/resource_index/package_run_dependencies/esda_simulation_2025
[0.653s] -- Installing: /home/samuel/MCAV/ESDA/Asterius_MK2/Asterius_MK2_ws/esda_simulation/install/esda_simulation_2025/share/ament_index/resource_index/parent_prefix_path/esda_simulation_2025
[0.653s] -- Installing: /home/samuel/MCAV/ESDA/Asterius_MK2/Asterius_MK2_ws/esda_simulation/install/esda_simulation_2025/share/esda_simulation_2025/environment/ament_prefix_path.sh
[0.653s] -- Installing: /home/samuel/MCAV/ESDA/Asterius_MK2/Asterius_MK2_ws/esda_simulation/install/esda_simulation_2025/share/esda_simulation_2025/environment/ament_prefix_path.dsv
[0.654s] -- Installing: /home/samuel/MCAV/ESDA/Asterius_MK2/Asterius_MK2_ws/esda_simulation/install/esda_simulation_2025/share/esda_simulation_2025/environment/path.sh
[0.654s] -- Installing: /home/samuel/MCAV/ESDA/Asterius_MK2/Asterius_MK2_ws/esda_simulation/install/esda_simulation_2025/share/esda_simulation_2025/environment/path.dsv
[0.654s] -- Installing: /home/samuel/MCAV/ESDA/Asterius_MK2/Asterius_MK2_ws/esda_simulation/install/esda_simulation_2025/share/esda_simulation_2025/local_setup.bash
[0.654s] -- Installing: /home/samuel/MCAV/ESDA/Asterius_MK2/Asterius_MK2_ws/esda_simulation/install/esda_simulation_2025/share/esda_simulation_2025/local_setup.sh
[0.654s] -- Installing: /home/samuel/MCAV/ESDA/Asterius_MK2/Asterius_MK2_ws/esda_simulation/install/esda_simulation_2025/share/esda_simulation_2025/local_setup.zsh
[0.654s] -- Installing: /home/samuel/MCAV/ESDA/Asterius_MK2/Asterius_MK2_ws/esda_simulation/install/esda_simulation_2025/share/esda_simulation_2025/local_setup.dsv
[0.654s] -- Installing: /home/samuel/MCAV/ESDA/Asterius_MK2/Asterius_MK2_ws/esda_simulation/install/esda_simulation_2025/share/esda_simulation_2025/package.dsv
[0.654s] -- Installing: /home/samuel/MCAV/ESDA/Asterius_MK2/Asterius_MK2_ws/esda_simulation/install/esda_simulation_2025/share/ament_index/resource_index/packages/esda_simulation_2025
[0.654s] -- Installing: /home/samuel/MCAV/ESDA/Asterius_MK2/Asterius_MK2_ws/esda_simulation/install/esda_simulation_2025/share/esda_simulation_2025/cmake/esda_simulation_2025Config.cmake
[0.654s] -- Installing: /home/samuel/MCAV/ESDA/Asterius_MK2/Asterius_MK2_ws/esda_simulation/install/esda_simulation_2025/share/esda_simulation_2025/cmake/esda_simulation_2025Config-version.cmake
[0.654s] -- Installing: /home/samuel/MCAV/ESDA/Asterius_MK2/Asterius_MK2_ws/esda_simulation/install/esda_simulation_2025/share/esda_simulation_2025/package.xml
[0.656s] Invoked command in '/home/samuel/MCAV/ESDA/Asterius_MK2/Asterius_MK2_ws/esda_simulation/build/esda_simulation_2025' returned '0': CMAKE_PREFIX_PATH=${CMAKE_PREFIX_PATH}:/opt/ros/humble /usr/bin/cmake --install /home/samuel/MCAV/ESDA/Asterius_MK2/Asterius_MK2_ws/esda_simulation/build/esda_simulation_2025
