-- Install configuration: ""
-- Execute custom install script
-- Up-to-date symlink: /home/samuel/MCAV/ESDA/Asterius_MK2/Asterius_MK2_ws/esda_simulation/install/esda_simulation_2025/share/esda_simulation_2025/config/empty.yaml
-- Up-to-date symlink: /home/samuel/MCAV/ESDA/Asterius_MK2/Asterius_MK2_ws/esda_simulation/install/esda_simulation_2025/share/esda_simulation_2025/config/gaz_ros2_ctl_use_sim.yaml
-- Up-to-date symlink: /home/samuel/MCAV/ESDA/Asterius_MK2/Asterius_MK2_ws/esda_simulation/install/esda_simulation_2025/share/esda_simulation_2025/config/mapper_params_localization.yaml
-- Up-to-date symlink: /home/samuel/MCAV/ESDA/Asterius_MK2/Asterius_MK2_ws/esda_simulation/install/esda_simulation_2025/share/esda_simulation_2025/config/mapper_params_online_async.yaml
-- Up-to-date symlink: /home/samuel/MCAV/ESDA/Asterius_MK2/Asterius_MK2_ws/esda_simulation/install/esda_simulation_2025/share/esda_simulation_2025/config/my_controllers_2wd.yaml
-- Up-to-date symlink: /home/samuel/MCAV/ESDA/Asterius_MK2/Asterius_MK2_ws/esda_simulation/install/esda_simulation_2025/share/esda_simulation_2025/config/nav2_params.yaml
-- Up-to-date symlink: /home/samuel/MCAV/ESDA/Asterius_MK2/Asterius_MK2_ws/esda_simulation/install/esda_simulation_2025/share/esda_simulation_2025/config/view_bot.rviz
-- Up-to-date symlink: /home/samuel/MCAV/ESDA/Asterius_MK2/Asterius_MK2_ws/esda_simulation/install/esda_simulation_2025/share/esda_simulation_2025/description/camera.xacro
-- Up-to-date symlink: /home/samuel/MCAV/ESDA/Asterius_MK2/Asterius_MK2_ws/esda_simulation/install/esda_simulation_2025/share/esda_simulation_2025/description/depth_camera.xacro
-- Up-to-date symlink: /home/samuel/MCAV/ESDA/Asterius_MK2/Asterius_MK2_ws/esda_simulation/install/esda_simulation_2025/share/esda_simulation_2025/description/gazebo_control.xacro
-- Up-to-date symlink: /home/samuel/MCAV/ESDA/Asterius_MK2/Asterius_MK2_ws/esda_simulation/install/esda_simulation_2025/share/esda_simulation_2025/description/inertial_macros.xacro
-- Up-to-date symlink: /home/samuel/MCAV/ESDA/Asterius_MK2/Asterius_MK2_ws/esda_simulation/install/esda_simulation_2025/share/esda_simulation_2025/description/lidar.xacro
-- Up-to-date symlink: /home/samuel/MCAV/ESDA/Asterius_MK2/Asterius_MK2_ws/esda_simulation/install/esda_simulation_2025/share/esda_simulation_2025/description/robot.urdf.xacro
-- Up-to-date symlink: /home/samuel/MCAV/ESDA/Asterius_MK2/Asterius_MK2_ws/esda_simulation/install/esda_simulation_2025/share/esda_simulation_2025/description/robot_core_ref.xacro
-- Up-to-date symlink: /home/samuel/MCAV/ESDA/Asterius_MK2/Asterius_MK2_ws/esda_simulation/install/esda_simulation_2025/share/esda_simulation_2025/description/robot_visual.xacro
-- Up-to-date symlink: /home/samuel/MCAV/ESDA/Asterius_MK2/Asterius_MK2_ws/esda_simulation/install/esda_simulation_2025/share/esda_simulation_2025/description/ros2_control_2wd.xacro
-- Up-to-date symlink: /home/samuel/MCAV/ESDA/Asterius_MK2/Asterius_MK2_ws/esda_simulation/install/esda_simulation_2025/share/esda_simulation_2025/launch/launch_sim.launch.py
-- Up-to-date symlink: /home/samuel/MCAV/ESDA/Asterius_MK2/Asterius_MK2_ws/esda_simulation/install/esda_simulation_2025/share/esda_simulation_2025/launch/localization_launch.py
-- Up-to-date symlink: /home/samuel/MCAV/ESDA/Asterius_MK2/Asterius_MK2_ws/esda_simulation/install/esda_simulation_2025/share/esda_simulation_2025/launch/navigation_launch.py
-- Up-to-date symlink: /home/samuel/MCAV/ESDA/Asterius_MK2/Asterius_MK2_ws/esda_simulation/install/esda_simulation_2025/share/esda_simulation_2025/launch/online_async_launch.py
-- Up-to-date symlink: /home/samuel/MCAV/ESDA/Asterius_MK2/Asterius_MK2_ws/esda_simulation/install/esda_simulation_2025/share/esda_simulation_2025/launch/rsp.launch.py
-- Up-to-date symlink: /home/samuel/MCAV/ESDA/Asterius_MK2/Asterius_MK2_ws/esda_simulation/install/esda_simulation_2025/share/esda_simulation_2025/worlds/igvc.sdf
-- Up-to-date symlink: /home/samuel/MCAV/ESDA/Asterius_MK2/Asterius_MK2_ws/esda_simulation/install/esda_simulation_2025/share/esda_simulation_2025/worlds/sim_world.sdf
-- Up-to-date symlink: /home/samuel/MCAV/ESDA/Asterius_MK2/Asterius_MK2_ws/esda_simulation/install/esda_simulation_2025/share/esda_simulation_2025/assets/arm_endcap.part
-- Up-to-date symlink: /home/samuel/MCAV/ESDA/Asterius_MK2/Asterius_MK2_ws/esda_simulation/install/esda_simulation_2025/share/esda_simulation_2025/assets/arm_endcap.stl
-- Up-to-date symlink: /home/samuel/MCAV/ESDA/Asterius_MK2/Asterius_MK2_ws/esda_simulation/install/esda_simulation_2025/share/esda_simulation_2025/assets/arm_rhs.part
-- Up-to-date symlink: /home/samuel/MCAV/ESDA/Asterius_MK2/Asterius_MK2_ws/esda_simulation/install/esda_simulation_2025/share/esda_simulation_2025/assets/arm_rhs.stl
-- Up-to-date symlink: /home/samuel/MCAV/ESDA/Asterius_MK2/Asterius_MK2_ws/esda_simulation/install/esda_simulation_2025/share/esda_simulation_2025/assets/bearing_spacer.part
-- Up-to-date symlink: /home/samuel/MCAV/ESDA/Asterius_MK2/Asterius_MK2_ws/esda_simulation/install/esda_simulation_2025/share/esda_simulation_2025/assets/bearing_spacer.stl
-- Up-to-date symlink: /home/samuel/MCAV/ESDA/Asterius_MK2/Asterius_MK2_ws/esda_simulation/install/esda_simulation_2025/share/esda_simulation_2025/assets/bort_motor.part
-- Up-to-date symlink: /home/samuel/MCAV/ESDA/Asterius_MK2/Asterius_MK2_ws/esda_simulation/install/esda_simulation_2025/share/esda_simulation_2025/assets/bort_motor.stl
-- Up-to-date symlink: /home/samuel/MCAV/ESDA/Asterius_MK2/Asterius_MK2_ws/esda_simulation/install/esda_simulation_2025/share/esda_simulation_2025/assets/bort_rim.part
-- Up-to-date symlink: /home/samuel/MCAV/ESDA/Asterius_MK2/Asterius_MK2_ws/esda_simulation/install/esda_simulation_2025/share/esda_simulation_2025/assets/bort_rim.stl
-- Up-to-date symlink: /home/samuel/MCAV/ESDA/Asterius_MK2/Asterius_MK2_ws/esda_simulation/install/esda_simulation_2025/share/esda_simulation_2025/assets/bort_tire.part
-- Up-to-date symlink: /home/samuel/MCAV/ESDA/Asterius_MK2/Asterius_MK2_ws/esda_simulation/install/esda_simulation_2025/share/esda_simulation_2025/assets/bort_tire.stl
-- Up-to-date symlink: /home/samuel/MCAV/ESDA/Asterius_MK2/Asterius_MK2_ws/esda_simulation/install/esda_simulation_2025/share/esda_simulation_2025/assets/caster_arm_r.part
-- Up-to-date symlink: /home/samuel/MCAV/ESDA/Asterius_MK2/Asterius_MK2_ws/esda_simulation/install/esda_simulation_2025/share/esda_simulation_2025/assets/caster_arm_r.stl
-- Up-to-date symlink: /home/samuel/MCAV/ESDA/Asterius_MK2/Asterius_MK2_ws/esda_simulation/install/esda_simulation_2025/share/esda_simulation_2025/assets/cstr_wheel_rim.part
-- Up-to-date symlink: /home/samuel/MCAV/ESDA/Asterius_MK2/Asterius_MK2_ws/esda_simulation/install/esda_simulation_2025/share/esda_simulation_2025/assets/cstr_wheel_rim.stl
-- Up-to-date symlink: /home/samuel/MCAV/ESDA/Asterius_MK2/Asterius_MK2_ws/esda_simulation/install/esda_simulation_2025/share/esda_simulation_2025/assets/cstr_wheel_tyre.part
-- Up-to-date symlink: /home/samuel/MCAV/ESDA/Asterius_MK2/Asterius_MK2_ws/esda_simulation/install/esda_simulation_2025/share/esda_simulation_2025/assets/cstr_wheel_tyre.stl
-- Up-to-date symlink: /home/samuel/MCAV/ESDA/Asterius_MK2/Asterius_MK2_ws/esda_simulation/install/esda_simulation_2025/share/esda_simulation_2025/assets/drve_arm_bracket.part
-- Up-to-date symlink: /home/samuel/MCAV/ESDA/Asterius_MK2/Asterius_MK2_ws/esda_simulation/install/esda_simulation_2025/share/esda_simulation_2025/assets/drve_arm_bracket.stl
-- Up-to-date symlink: /home/samuel/MCAV/ESDA/Asterius_MK2/Asterius_MK2_ws/esda_simulation/install/esda_simulation_2025/share/esda_simulation_2025/assets/drve_bottom_plate.part
-- Up-to-date symlink: /home/samuel/MCAV/ESDA/Asterius_MK2/Asterius_MK2_ws/esda_simulation/install/esda_simulation_2025/share/esda_simulation_2025/assets/drve_bottom_plate.stl
-- Up-to-date symlink: /home/samuel/MCAV/ESDA/Asterius_MK2/Asterius_MK2_ws/esda_simulation/install/esda_simulation_2025/share/esda_simulation_2025/assets/drve_middle.part
-- Up-to-date symlink: /home/samuel/MCAV/ESDA/Asterius_MK2/Asterius_MK2_ws/esda_simulation/install/esda_simulation_2025/share/esda_simulation_2025/assets/drve_middle.stl
-- Up-to-date symlink: /home/samuel/MCAV/ESDA/Asterius_MK2/Asterius_MK2_ws/esda_simulation/install/esda_simulation_2025/share/esda_simulation_2025/assets/drve_output_carrier.part
-- Up-to-date symlink: /home/samuel/MCAV/ESDA/Asterius_MK2/Asterius_MK2_ws/esda_simulation/install/esda_simulation_2025/share/esda_simulation_2025/assets/drve_output_carrier.stl
-- Up-to-date symlink: /home/samuel/MCAV/ESDA/Asterius_MK2/Asterius_MK2_ws/esda_simulation/install/esda_simulation_2025/share/esda_simulation_2025/assets/drve_top_plate.part
-- Up-to-date symlink: /home/samuel/MCAV/ESDA/Asterius_MK2/Asterius_MK2_ws/esda_simulation/install/esda_simulation_2025/share/esda_simulation_2025/assets/drve_top_plate.stl
-- Up-to-date symlink: /home/samuel/MCAV/ESDA/Asterius_MK2/Asterius_MK2_ws/esda_simulation/install/esda_simulation_2025/share/esda_simulation_2025/assets/fcid_body_left__configuration_ali_2mm.part
-- Up-to-date symlink: /home/samuel/MCAV/ESDA/Asterius_MK2/Asterius_MK2_ws/esda_simulation/install/esda_simulation_2025/share/esda_simulation_2025/assets/fcid_body_left__configuration_ali_2mm.stl
-- Up-to-date symlink: /home/samuel/MCAV/ESDA/Asterius_MK2/Asterius_MK2_ws/esda_simulation/install/esda_simulation_2025/share/esda_simulation_2025/assets/fcid_body_right__configuration_ali_2mm.part
-- Up-to-date symlink: /home/samuel/MCAV/ESDA/Asterius_MK2/Asterius_MK2_ws/esda_simulation/install/esda_simulation_2025/share/esda_simulation_2025/assets/fcid_body_right__configuration_ali_2mm.stl
-- Up-to-date symlink: /home/samuel/MCAV/ESDA/Asterius_MK2/Asterius_MK2_ws/esda_simulation/install/esda_simulation_2025/share/esda_simulation_2025/assets/fcid_camera_mount.part
-- Up-to-date symlink: /home/samuel/MCAV/ESDA/Asterius_MK2/Asterius_MK2_ws/esda_simulation/install/esda_simulation_2025/share/esda_simulation_2025/assets/fcid_camera_mount.stl
-- Up-to-date symlink: /home/samuel/MCAV/ESDA/Asterius_MK2/Asterius_MK2_ws/esda_simulation/install/esda_simulation_2025/share/esda_simulation_2025/assets/fcid_divider__configuration_ali_2mm.part
-- Up-to-date symlink: /home/samuel/MCAV/ESDA/Asterius_MK2/Asterius_MK2_ws/esda_simulation/install/esda_simulation_2025/share/esda_simulation_2025/assets/fcid_divider__configuration_ali_2mm.stl
-- Up-to-date symlink: /home/samuel/MCAV/ESDA/Asterius_MK2/Asterius_MK2_ws/esda_simulation/install/esda_simulation_2025/share/esda_simulation_2025/assets/fcid_divider_mount__configuration_ali_2mm.part
-- Up-to-date symlink: /home/samuel/MCAV/ESDA/Asterius_MK2/Asterius_MK2_ws/esda_simulation/install/esda_simulation_2025/share/esda_simulation_2025/assets/fcid_divider_mount__configuration_ali_2mm.stl
-- Up-to-date symlink: /home/samuel/MCAV/ESDA/Asterius_MK2/Asterius_MK2_ws/esda_simulation/install/esda_simulation_2025/share/esda_simulation_2025/assets/fcid_gps_fin.part
-- Up-to-date symlink: /home/samuel/MCAV/ESDA/Asterius_MK2/Asterius_MK2_ws/esda_simulation/install/esda_simulation_2025/share/esda_simulation_2025/assets/fcid_gps_fin.stl
-- Up-to-date symlink: /home/samuel/MCAV/ESDA/Asterius_MK2/Asterius_MK2_ws/esda_simulation/install/esda_simulation_2025/share/esda_simulation_2025/assets/fcid_lid__configuration_ali_2mm.part
-- Up-to-date symlink: /home/samuel/MCAV/ESDA/Asterius_MK2/Asterius_MK2_ws/esda_simulation/install/esda_simulation_2025/share/esda_simulation_2025/assets/fcid_lid__configuration_ali_2mm.stl
-- Up-to-date symlink: /home/samuel/MCAV/ESDA/Asterius_MK2/Asterius_MK2_ws/esda_simulation/install/esda_simulation_2025/share/esda_simulation_2025/assets/fcid_lidar_fin.part
-- Up-to-date symlink: /home/samuel/MCAV/ESDA/Asterius_MK2/Asterius_MK2_ws/esda_simulation/install/esda_simulation_2025/share/esda_simulation_2025/assets/fcid_lidar_fin.stl
-- Up-to-date symlink: /home/samuel/MCAV/ESDA/Asterius_MK2/Asterius_MK2_ws/esda_simulation/install/esda_simulation_2025/share/esda_simulation_2025/assets/fcid_rear__configuration_ali_2mm.part
-- Up-to-date symlink: /home/samuel/MCAV/ESDA/Asterius_MK2/Asterius_MK2_ws/esda_simulation/install/esda_simulation_2025/share/esda_simulation_2025/assets/fcid_rear__configuration_ali_2mm.stl
-- Up-to-date symlink: /home/samuel/MCAV/ESDA/Asterius_MK2/Asterius_MK2_ws/esda_simulation/install/esda_simulation_2025/share/esda_simulation_2025/assets/fcid_welded_body__configuration_ali_2mm.part
-- Up-to-date symlink: /home/samuel/MCAV/ESDA/Asterius_MK2/Asterius_MK2_ws/esda_simulation/install/esda_simulation_2025/share/esda_simulation_2025/assets/fcid_welded_body__configuration_ali_2mm.stl
-- Up-to-date symlink: /home/samuel/MCAV/ESDA/Asterius_MK2/Asterius_MK2_ws/esda_simulation/install/esda_simulation_2025/share/esda_simulation_2025/assets/optic.part
-- Up-to-date symlink: /home/samuel/MCAV/ESDA/Asterius_MK2/Asterius_MK2_ws/esda_simulation/install/esda_simulation_2025/share/esda_simulation_2025/assets/optic.stl
-- Up-to-date symlink: /home/samuel/MCAV/ESDA/Asterius_MK2/Asterius_MK2_ws/esda_simulation/install/esda_simulation_2025/share/esda_simulation_2025/assets/optic__2.part
-- Up-to-date symlink: /home/samuel/MCAV/ESDA/Asterius_MK2/Asterius_MK2_ws/esda_simulation/install/esda_simulation_2025/share/esda_simulation_2025/assets/optic__2.stl
-- Up-to-date symlink: /home/samuel/MCAV/ESDA/Asterius_MK2/Asterius_MK2_ws/esda_simulation/install/esda_simulation_2025/share/esda_simulation_2025/assets/optic__3.part
-- Up-to-date symlink: /home/samuel/MCAV/ESDA/Asterius_MK2/Asterius_MK2_ws/esda_simulation/install/esda_simulation_2025/share/esda_simulation_2025/assets/optic__3.stl
-- Up-to-date symlink: /home/samuel/MCAV/ESDA/Asterius_MK2/Asterius_MK2_ws/esda_simulation/install/esda_simulation_2025/share/esda_simulation_2025/assets/optic__4.part
-- Up-to-date symlink: /home/samuel/MCAV/ESDA/Asterius_MK2/Asterius_MK2_ws/esda_simulation/install/esda_simulation_2025/share/esda_simulation_2025/assets/optic__4.stl
-- Up-to-date symlink: /home/samuel/MCAV/ESDA/Asterius_MK2/Asterius_MK2_ws/esda_simulation/install/esda_simulation_2025/share/esda_simulation_2025/assets/part_1.part
-- Up-to-date symlink: /home/samuel/MCAV/ESDA/Asterius_MK2/Asterius_MK2_ws/esda_simulation/install/esda_simulation_2025/share/esda_simulation_2025/assets/part_1.stl
-- Up-to-date symlink: /home/samuel/MCAV/ESDA/Asterius_MK2/Asterius_MK2_ws/esda_simulation/install/esda_simulation_2025/share/esda_simulation_2025/assets/robot.urdf
-- Up-to-date symlink: /home/samuel/MCAV/ESDA/Asterius_MK2/Asterius_MK2_ws/esda_simulation/install/esda_simulation_2025/share/esda_simulation_2025/assets/velodyne_vlp16.part
-- Up-to-date symlink: /home/samuel/MCAV/ESDA/Asterius_MK2/Asterius_MK2_ws/esda_simulation/install/esda_simulation_2025/share/esda_simulation_2025/assets/velodyne_vlp16.stl
-- Up-to-date symlink: /home/samuel/MCAV/ESDA/Asterius_MK2/Asterius_MK2_ws/esda_simulation/install/esda_simulation_2025/share/esda_simulation_2025/assets/zed2_ip_outer_with_lens_v8.part
-- Up-to-date symlink: /home/samuel/MCAV/ESDA/Asterius_MK2/Asterius_MK2_ws/esda_simulation/install/esda_simulation_2025/share/esda_simulation_2025/assets/zed2_ip_outer_with_lens_v8.stl
-- Up-to-date symlink: /home/samuel/MCAV/ESDA/Asterius_MK2/Asterius_MK2_ws/esda_simulation/install/esda_simulation_2025/share/esda_simulation_2025/assets/zed2_ip_outer_with_lens_v8__2.part
-- Up-to-date symlink: /home/samuel/MCAV/ESDA/Asterius_MK2/Asterius_MK2_ws/esda_simulation/install/esda_simulation_2025/share/esda_simulation_2025/assets/zed2_ip_outer_with_lens_v8__2.stl
-- Up-to-date symlink: /home/samuel/MCAV/ESDA/Asterius_MK2/Asterius_MK2_ws/esda_simulation/install/esda_simulation_2025/share/esda_simulation_2025/assets/zed2_ip_outer_with_lens_v8__3.part
-- Up-to-date symlink: /home/samuel/MCAV/ESDA/Asterius_MK2/Asterius_MK2_ws/esda_simulation/install/esda_simulation_2025/share/esda_simulation_2025/assets/zed2_ip_outer_with_lens_v8__3.stl
-- Up-to-date symlink: /home/samuel/MCAV/ESDA/Asterius_MK2/Asterius_MK2_ws/esda_simulation/install/esda_simulation_2025/share/esda_simulation_2025/maps/my_map_save.pgm
-- Up-to-date symlink: /home/samuel/MCAV/ESDA/Asterius_MK2/Asterius_MK2_ws/esda_simulation/install/esda_simulation_2025/share/esda_simulation_2025/maps/my_map_save.yaml
-- Up-to-date symlink: /home/samuel/MCAV/ESDA/Asterius_MK2/Asterius_MK2_ws/esda_simulation/install/esda_simulation_2025/share/esda_simulation_2025/models/orange_igvc/materials/scripts/ground.material
-- Up-to-date symlink: /home/samuel/MCAV/ESDA/Asterius_MK2/Asterius_MK2_ws/esda_simulation/install/esda_simulation_2025/share/esda_simulation_2025/models/orange_igvc/materials/textures/Construction_Barrel_Diffuse.png
-- Up-to-date symlink: /home/samuel/MCAV/ESDA/Asterius_MK2/Asterius_MK2_ws/esda_simulation/install/esda_simulation_2025/share/esda_simulation_2025/models/orange_igvc/materials/textures/ground.png
-- Up-to-date symlink: /home/samuel/MCAV/ESDA/Asterius_MK2/Asterius_MK2_ws/esda_simulation/install/esda_simulation_2025/share/esda_simulation_2025/models/orange_igvc/meshes/construction_barrel.dae
-- Up-to-date symlink: /home/samuel/MCAV/ESDA/Asterius_MK2/Asterius_MK2_ws/esda_simulation/install/esda_simulation_2025/share/esda_simulation_2025/models/orange_igvc/meshes/ground.dae
-- Up-to-date symlink: /home/samuel/MCAV/ESDA/Asterius_MK2/Asterius_MK2_ws/esda_simulation/install/esda_simulation_2025/share/esda_simulation_2025/models/orange_igvc/model.config
-- Up-to-date symlink: /home/samuel/MCAV/ESDA/Asterius_MK2/Asterius_MK2_ws/esda_simulation/install/esda_simulation_2025/share/esda_simulation_2025/models/orange_igvc/model.sdf
-- Up-to-date symlink: /home/samuel/MCAV/ESDA/Asterius_MK2/Asterius_MK2_ws/esda_simulation/install/esda_simulation_2025/share/ament_index/resource_index/package_run_dependencies/esda_simulation_2025
-- Up-to-date symlink: /home/samuel/MCAV/ESDA/Asterius_MK2/Asterius_MK2_ws/esda_simulation/install/esda_simulation_2025/share/ament_index/resource_index/parent_prefix_path/esda_simulation_2025
-- Up-to-date symlink: /home/samuel/MCAV/ESDA/Asterius_MK2/Asterius_MK2_ws/esda_simulation/install/esda_simulation_2025/share/esda_simulation_2025/environment/ament_prefix_path.sh
-- Up-to-date symlink: /home/samuel/MCAV/ESDA/Asterius_MK2/Asterius_MK2_ws/esda_simulation/install/esda_simulation_2025/share/esda_simulation_2025/environment/ament_prefix_path.dsv
-- Up-to-date symlink: /home/samuel/MCAV/ESDA/Asterius_MK2/Asterius_MK2_ws/esda_simulation/install/esda_simulation_2025/share/esda_simulation_2025/environment/path.sh
-- Up-to-date symlink: /home/samuel/MCAV/ESDA/Asterius_MK2/Asterius_MK2_ws/esda_simulation/install/esda_simulation_2025/share/esda_simulation_2025/environment/path.dsv
-- Up-to-date symlink: /home/samuel/MCAV/ESDA/Asterius_MK2/Asterius_MK2_ws/esda_simulation/install/esda_simulation_2025/share/esda_simulation_2025/local_setup.bash
-- Up-to-date symlink: /home/samuel/MCAV/ESDA/Asterius_MK2/Asterius_MK2_ws/esda_simulation/install/esda_simulation_2025/share/esda_simulation_2025/local_setup.sh
-- Up-to-date symlink: /home/samuel/MCAV/ESDA/Asterius_MK2/Asterius_MK2_ws/esda_simulation/install/esda_simulation_2025/share/esda_simulation_2025/local_setup.zsh
-- Up-to-date symlink: /home/samuel/MCAV/ESDA/Asterius_MK2/Asterius_MK2_ws/esda_simulation/install/esda_simulation_2025/share/esda_simulation_2025/local_setup.dsv
-- Symlinking: /home/samuel/MCAV/ESDA/Asterius_MK2/Asterius_MK2_ws/esda_simulation/install/esda_simulation_2025/share/esda_simulation_2025/package.dsv
-- Up-to-date symlink: /home/samuel/MCAV/ESDA/Asterius_MK2/Asterius_MK2_ws/esda_simulation/install/esda_simulation_2025/share/ament_index/resource_index/packages/esda_simulation_2025
-- Up-to-date symlink: /home/samuel/MCAV/ESDA/Asterius_MK2/Asterius_MK2_ws/esda_simulation/install/esda_simulation_2025/share/esda_simulation_2025/cmake/esda_simulation_2025Config.cmake
-- Up-to-date symlink: /home/samuel/MCAV/ESDA/Asterius_MK2/Asterius_MK2_ws/esda_simulation/install/esda_simulation_2025/share/esda_simulation_2025/cmake/esda_simulation_2025Config-version.cmake
-- Up-to-date symlink: /home/samuel/MCAV/ESDA/Asterius_MK2/Asterius_MK2_ws/esda_simulation/install/esda_simulation_2025/share/esda_simulation_2025/package.xml
