[35m[1mConsolidate compiler generated dependencies of target esda_hardware_2025[0m
[100%] Built target esda_hardware_2025
-- Install configuration: ""
-- Execute custom install script
-- Up-to-date symlink: /home/samuel/MCAV/ESDA/Asterius_MK2/Asterius_MK2_ws/esda_simulation/install/esda_hardware_2025/share/esda_hardware_2025//esda_hardware_2025.xml
-- Up-to-date symlink: /home/samuel/MCAV/ESDA/Asterius_MK2/Asterius_MK2_ws/esda_simulation/install/esda_hardware_2025/include/esda_hardware_2025/esda_hardware_2025/esda_hardware_2025.hpp
-- Up-to-date symlink: /home/samuel/MCAV/ESDA/Asterius_MK2/Asterius_MK2_ws/esda_simulation/install/esda_hardware_2025/include/esda_hardware_2025/esda_hardware_2025/stm_comms.hpp
-- Up-to-date symlink: /home/samuel/MCAV/ESDA/Asterius_MK2/Asterius_MK2_ws/esda_simulation/install/esda_hardware_2025/include/esda_hardware_2025/esda_hardware_2025/visibility_control.h
-- Up-to-date symlink: /home/samuel/MCAV/ESDA/Asterius_MK2/Asterius_MK2_ws/esda_simulation/install/esda_hardware_2025/include/esda_hardware_2025/esda_hardware_2025/wheels.hpp
-- Up-to-date symlink: /home/samuel/MCAV/ESDA/Asterius_MK2/Asterius_MK2_ws/esda_simulation/install/esda_hardware_2025/share/ament_index/resource_index/package_run_dependencies/esda_hardware_2025
-- Up-to-date symlink: /home/samuel/MCAV/ESDA/Asterius_MK2/Asterius_MK2_ws/esda_simulation/install/esda_hardware_2025/share/ament_index/resource_index/parent_prefix_path/esda_hardware_2025
-- Up-to-date symlink: /home/samuel/MCAV/ESDA/Asterius_MK2/Asterius_MK2_ws/esda_simulation/install/esda_hardware_2025/share/esda_hardware_2025/environment/ament_prefix_path.sh
-- Up-to-date symlink: /home/samuel/MCAV/ESDA/Asterius_MK2/Asterius_MK2_ws/esda_simulation/install/esda_hardware_2025/share/esda_hardware_2025/environment/ament_prefix_path.dsv
-- Up-to-date symlink: /home/samuel/MCAV/ESDA/Asterius_MK2/Asterius_MK2_ws/esda_simulation/install/esda_hardware_2025/share/esda_hardware_2025/environment/path.sh
-- Up-to-date symlink: /home/samuel/MCAV/ESDA/Asterius_MK2/Asterius_MK2_ws/esda_simulation/install/esda_hardware_2025/share/esda_hardware_2025/environment/path.dsv
-- Up-to-date symlink: /home/samuel/MCAV/ESDA/Asterius_MK2/Asterius_MK2_ws/esda_simulation/install/esda_hardware_2025/share/esda_hardware_2025/local_setup.bash
-- Up-to-date symlink: /home/samuel/MCAV/ESDA/Asterius_MK2/Asterius_MK2_ws/esda_simulation/install/esda_hardware_2025/share/esda_hardware_2025/local_setup.sh
-- Up-to-date symlink: /home/samuel/MCAV/ESDA/Asterius_MK2/Asterius_MK2_ws/esda_simulation/install/esda_hardware_2025/share/esda_hardware_2025/local_setup.zsh
-- Up-to-date symlink: /home/samuel/MCAV/ESDA/Asterius_MK2/Asterius_MK2_ws/esda_simulation/install/esda_hardware_2025/share/esda_hardware_2025/local_setup.dsv
-- Symlinking: /home/samuel/MCAV/ESDA/Asterius_MK2/Asterius_MK2_ws/esda_simulation/install/esda_hardware_2025/share/esda_hardware_2025/package.dsv
-- Up-to-date symlink: /home/samuel/MCAV/ESDA/Asterius_MK2/Asterius_MK2_ws/esda_simulation/install/esda_hardware_2025/share/ament_index/resource_index/packages/esda_hardware_2025
-- Up-to-date symlink: /home/samuel/MCAV/ESDA/Asterius_MK2/Asterius_MK2_ws/esda_simulation/install/esda_hardware_2025/share/ament_index/resource_index/hardware_interface__pluginlib__plugin/esda_hardware_2025
-- Up-to-date symlink: /home/samuel/MCAV/ESDA/Asterius_MK2/Asterius_MK2_ws/esda_simulation/install/esda_hardware_2025/share/esda_hardware_2025/cmake/esda_hardware_2025Config.cmake
-- Up-to-date symlink: /home/samuel/MCAV/ESDA/Asterius_MK2/Asterius_MK2_ws/esda_simulation/install/esda_hardware_2025/share/esda_hardware_2025/cmake/esda_hardware_2025Config-version.cmake
-- Up-to-date symlink: /home/samuel/MCAV/ESDA/Asterius_MK2/Asterius_MK2_ws/esda_simulation/install/esda_hardware_2025/share/esda_hardware_2025/package.xml
-- Up-to-date: /home/samuel/MCAV/ESDA/Asterius_MK2/Asterius_MK2_ws/esda_simulation/install/esda_hardware_2025/lib/libesda_hardware_2025.so
