[0.009s] Invoking command in '/home/samuel/MCAV/ESDA/Asterius_MK2/Asterius_MK2_ws/esda_simulation/build/esda_hardware_2025': CMAKE_PREFIX_PATH=/opt/ros/humble /usr/bin/cmake --build /home/samuel/MCAV/ESDA/Asterius_MK2/Asterius_MK2_ws/esda_simulation/build/esda_hardware_2025 -- -j20 -l20
[0.038s] [35m[1mConsolidate compiler generated dependencies of target esda_hardware_2025[0m
[0.051s] [100%] Built target esda_hardware_2025
[0.058s] Invoked command in '/home/samuel/MCAV/ESDA/Asterius_MK2/Asterius_MK2_ws/esda_simulation/build/esda_hardware_2025' returned '0': CMAKE_PREFIX_PATH=/opt/ros/humble /usr/bin/cmake --build /home/samuel/MCAV/ESDA/Asterius_MK2/Asterius_MK2_ws/esda_simulation/build/esda_hardware_2025 -- -j20 -l20
[0.059s] Invoking command in '/home/samuel/MCAV/ESDA/Asterius_MK2/Asterius_MK2_ws/esda_simulation/build/esda_hardware_2025': CMAKE_PREFIX_PATH=/opt/ros/humble /usr/bin/cmake --install /home/samuel/MCAV/ESDA/Asterius_MK2/Asterius_MK2_ws/esda_simulation/build/esda_hardware_2025
[0.065s] -- Install configuration: ""
[0.065s] -- Execute custom install script
[0.065s] -- Up-to-date symlink: /home/samuel/MCAV/ESDA/Asterius_MK2/Asterius_MK2_ws/esda_simulation/install/esda_hardware_2025/share/esda_hardware_2025//esda_hardware_2025.xml
[0.065s] -- Up-to-date symlink: /home/samuel/MCAV/ESDA/Asterius_MK2/Asterius_MK2_ws/esda_simulation/install/esda_hardware_2025/include/esda_hardware_2025/esda_hardware_2025/esda_hardware_2025.hpp
[0.065s] -- Up-to-date symlink: /home/samuel/MCAV/ESDA/Asterius_MK2/Asterius_MK2_ws/esda_simulation/install/esda_hardware_2025/include/esda_hardware_2025/esda_hardware_2025/stm_comms.hpp
[0.065s] -- Up-to-date symlink: /home/samuel/MCAV/ESDA/Asterius_MK2/Asterius_MK2_ws/esda_simulation/install/esda_hardware_2025/include/esda_hardware_2025/esda_hardware_2025/visibility_control.h
[0.065s] -- Up-to-date symlink: /home/samuel/MCAV/ESDA/Asterius_MK2/Asterius_MK2_ws/esda_simulation/install/esda_hardware_2025/include/esda_hardware_2025/esda_hardware_2025/wheels.hpp
[0.065s] -- Up-to-date symlink: /home/samuel/MCAV/ESDA/Asterius_MK2/Asterius_MK2_ws/esda_simulation/install/esda_hardware_2025/share/ament_index/resource_index/package_run_dependencies/esda_hardware_2025
[0.065s] -- Up-to-date symlink: /home/samuel/MCAV/ESDA/Asterius_MK2/Asterius_MK2_ws/esda_simulation/install/esda_hardware_2025/share/ament_index/resource_index/parent_prefix_path/esda_hardware_2025
[0.065s] -- Up-to-date symlink: /home/samuel/MCAV/ESDA/Asterius_MK2/Asterius_MK2_ws/esda_simulation/install/esda_hardware_2025/share/esda_hardware_2025/environment/ament_prefix_path.sh
[0.065s] -- Up-to-date symlink: /home/samuel/MCAV/ESDA/Asterius_MK2/Asterius_MK2_ws/esda_simulation/install/esda_hardware_2025/share/esda_hardware_2025/environment/ament_prefix_path.dsv
[0.065s] -- Up-to-date symlink: /home/samuel/MCAV/ESDA/Asterius_MK2/Asterius_MK2_ws/esda_simulation/install/esda_hardware_2025/share/esda_hardware_2025/environment/path.sh
[0.065s] -- Up-to-date symlink: /home/samuel/MCAV/ESDA/Asterius_MK2/Asterius_MK2_ws/esda_simulation/install/esda_hardware_2025/share/esda_hardware_2025/environment/path.dsv
[0.065s] -- Up-to-date symlink: /home/samuel/MCAV/ESDA/Asterius_MK2/Asterius_MK2_ws/esda_simulation/install/esda_hardware_2025/share/esda_hardware_2025/local_setup.bash
[0.065s] -- Up-to-date symlink: /home/samuel/MCAV/ESDA/Asterius_MK2/Asterius_MK2_ws/esda_simulation/install/esda_hardware_2025/share/esda_hardware_2025/local_setup.sh
[0.065s] -- Up-to-date symlink: /home/samuel/MCAV/ESDA/Asterius_MK2/Asterius_MK2_ws/esda_simulation/install/esda_hardware_2025/share/esda_hardware_2025/local_setup.zsh
[0.066s] -- Up-to-date symlink: /home/samuel/MCAV/ESDA/Asterius_MK2/Asterius_MK2_ws/esda_simulation/install/esda_hardware_2025/share/esda_hardware_2025/local_setup.dsv
[0.066s] -- Symlinking: /home/samuel/MCAV/ESDA/Asterius_MK2/Asterius_MK2_ws/esda_simulation/install/esda_hardware_2025/share/esda_hardware_2025/package.dsv
[0.070s] -- Up-to-date symlink: /home/samuel/MCAV/ESDA/Asterius_MK2/Asterius_MK2_ws/esda_simulation/install/esda_hardware_2025/share/ament_index/resource_index/packages/esda_hardware_2025
[0.070s] -- Up-to-date symlink: /home/samuel/MCAV/ESDA/Asterius_MK2/Asterius_MK2_ws/esda_simulation/install/esda_hardware_2025/share/ament_index/resource_index/hardware_interface__pluginlib__plugin/esda_hardware_2025
[0.070s] -- Up-to-date symlink: /home/samuel/MCAV/ESDA/Asterius_MK2/Asterius_MK2_ws/esda_simulation/install/esda_hardware_2025/share/esda_hardware_2025/cmake/esda_hardware_2025Config.cmake
[0.071s] -- Up-to-date symlink: /home/samuel/MCAV/ESDA/Asterius_MK2/Asterius_MK2_ws/esda_simulation/install/esda_hardware_2025/share/esda_hardware_2025/cmake/esda_hardware_2025Config-version.cmake
[0.071s] -- Up-to-date symlink: /home/samuel/MCAV/ESDA/Asterius_MK2/Asterius_MK2_ws/esda_simulation/install/esda_hardware_2025/share/esda_hardware_2025/package.xml
[0.071s] -- Up-to-date: /home/samuel/MCAV/ESDA/Asterius_MK2/Asterius_MK2_ws/esda_simulation/install/esda_hardware_2025/lib/libesda_hardware_2025.so
[0.072s] Invoked command in '/home/samuel/MCAV/ESDA/Asterius_MK2/Asterius_MK2_ws/esda_simulation/build/esda_hardware_2025' returned '0': CMAKE_PREFIX_PATH=/opt/ros/humble /usr/bin/cmake --install /home/samuel/MCAV/ESDA/Asterius_MK2/Asterius_MK2_ws/esda_simulation/build/esda_hardware_2025
