[0.010s] Invoking command in '/home/samuel/MCAV/ESDA/Asterius_MK2/Asterius_MK2_ws/esda_simulation/build/esda_simulation_2025': CMAKE_PREFIX_PATH=/opt/ros/humble /usr/bin/cmake /home/samuel/MCAV/ESDA/Asterius_MK2/Asterius_MK2_ws/esda_simulation/src/esda_simulation_2025 -DAMENT_CMAKE_SYMLINK_INSTALL=1 -DCMAKE_INSTALL_PREFIX=/home/samuel/MCAV/ESDA/Asterius_MK2/Asterius_MK2_ws/esda_simulation/install/esda_simulation_2025
[0.038s] -- Found ament_cmake: 1.3.11 (/opt/ros/humble/share/ament_cmake/cmake)
[0.127s] -- Override CMake install command with custom implementation using symlinks instead of copying resources
[0.140s] -- Found ament_lint_auto: 0.12.12 (/opt/ros/humble/share/ament_lint_auto/cmake)
[0.196s] -- Added test 'copyright' to check source files copyright and LICENSE
[0.216s] -- Added test 'flake8' to check Python code syntax and style conventions
[0.218s] -- Added test 'lint_cmake' to check CMake code style
[0.220s] -- Added test 'pep257' to check Python code against some of the docstring style conventions in PEP 257
[0.227s] -- Added test 'xmllint' to check XML markup files
[0.228s] -- Configuring done
[0.231s] -- Generating done
[0.233s] -- Build files have been written to: /home/samuel/MCAV/ESDA/Asterius_MK2/Asterius_MK2_ws/esda_simulation/build/esda_simulation_2025
[0.235s] Invoked command in '/home/samuel/MCAV/ESDA/Asterius_MK2/Asterius_MK2_ws/esda_simulation/build/esda_simulation_2025' returned '0': CMAKE_PREFIX_PATH=/opt/ros/humble /usr/bin/cmake /home/samuel/MCAV/ESDA/Asterius_MK2/Asterius_MK2_ws/esda_simulation/src/esda_simulation_2025 -DAMENT_CMAKE_SYMLINK_INSTALL=1 -DCMAKE_INSTALL_PREFIX=/home/samuel/MCAV/ESDA/Asterius_MK2/Asterius_MK2_ws/esda_simulation/install/esda_simulation_2025
[0.237s] Invoking command in '/home/samuel/MCAV/ESDA/Asterius_MK2/Asterius_MK2_ws/esda_simulation/build/esda_simulation_2025': CMAKE_PREFIX_PATH=/opt/ros/humble /usr/bin/cmake --build /home/samuel/MCAV/ESDA/Asterius_MK2/Asterius_MK2_ws/esda_simulation/build/esda_simulation_2025 -- -j20 -l20
[0.270s] Invoked command in '/home/samuel/MCAV/ESDA/Asterius_MK2/Asterius_MK2_ws/esda_simulation/build/esda_simulation_2025' returned '0': CMAKE_PREFIX_PATH=/opt/ros/humble /usr/bin/cmake --build /home/samuel/MCAV/ESDA/Asterius_MK2/Asterius_MK2_ws/esda_simulation/build/esda_simulation_2025 -- -j20 -l20
[0.282s] Invoking command in '/home/samuel/MCAV/ESDA/Asterius_MK2/Asterius_MK2_ws/esda_simulation/build/esda_simulation_2025': CMAKE_PREFIX_PATH=/opt/ros/humble /usr/bin/cmake --install /home/samuel/MCAV/ESDA/Asterius_MK2/Asterius_MK2_ws/esda_simulation/build/esda_simulation_2025
[0.291s] -- Install configuration: ""
[0.292s] -- Execute custom install script
[0.292s] -- Symlinking: /home/samuel/MCAV/ESDA/Asterius_MK2/Asterius_MK2_ws/esda_simulation/install/esda_simulation_2025/share/esda_simulation_2025/config/empty.yaml
[0.301s] -- Symlinking: /home/samuel/MCAV/ESDA/Asterius_MK2/Asterius_MK2_ws/esda_simulation/install/esda_simulation_2025/share/esda_simulation_2025/config/gaz_ros2_ctl_use_sim.yaml
[0.309s] -- Symlinking: /home/samuel/MCAV/ESDA/Asterius_MK2/Asterius_MK2_ws/esda_simulation/install/esda_simulation_2025/share/esda_simulation_2025/config/mapper_params_localization.yaml
[0.319s] -- Symlinking: /home/samuel/MCAV/ESDA/Asterius_MK2/Asterius_MK2_ws/esda_simulation/install/esda_simulation_2025/share/esda_simulation_2025/config/mapper_params_online_async.yaml
[0.329s] -- Symlinking: /home/samuel/MCAV/ESDA/Asterius_MK2/Asterius_MK2_ws/esda_simulation/install/esda_simulation_2025/share/esda_simulation_2025/config/my_controllers_2wd.yaml
[0.337s] -- Symlinking: /home/samuel/MCAV/ESDA/Asterius_MK2/Asterius_MK2_ws/esda_simulation/install/esda_simulation_2025/share/esda_simulation_2025/config/nav2_params.yaml
[0.344s] -- Symlinking: /home/samuel/MCAV/ESDA/Asterius_MK2/Asterius_MK2_ws/esda_simulation/install/esda_simulation_2025/share/esda_simulation_2025/config/view_bot.rviz
[0.352s] -- Symlinking: /home/samuel/MCAV/ESDA/Asterius_MK2/Asterius_MK2_ws/esda_simulation/install/esda_simulation_2025/share/esda_simulation_2025/description/camera.xacro
[0.361s] -- Symlinking: /home/samuel/MCAV/ESDA/Asterius_MK2/Asterius_MK2_ws/esda_simulation/install/esda_simulation_2025/share/esda_simulation_2025/description/depth_camera.xacro
[0.371s] -- Symlinking: /home/samuel/MCAV/ESDA/Asterius_MK2/Asterius_MK2_ws/esda_simulation/install/esda_simulation_2025/share/esda_simulation_2025/description/gazebo_control.xacro
[0.380s] -- Symlinking: /home/samuel/MCAV/ESDA/Asterius_MK2/Asterius_MK2_ws/esda_simulation/install/esda_simulation_2025/share/esda_simulation_2025/description/inertial_macros.xacro
[0.389s] -- Symlinking: /home/samuel/MCAV/ESDA/Asterius_MK2/Asterius_MK2_ws/esda_simulation/install/esda_simulation_2025/share/esda_simulation_2025/description/lidar.xacro
[0.400s] -- Symlinking: /home/samuel/MCAV/ESDA/Asterius_MK2/Asterius_MK2_ws/esda_simulation/install/esda_simulation_2025/share/esda_simulation_2025/description/robot.urdf.xacro
[0.410s] -- Symlinking: /home/samuel/MCAV/ESDA/Asterius_MK2/Asterius_MK2_ws/esda_simulation/install/esda_simulation_2025/share/esda_simulation_2025/description/robot_core_ref.xacro
[0.419s] -- Symlinking: /home/samuel/MCAV/ESDA/Asterius_MK2/Asterius_MK2_ws/esda_simulation/install/esda_simulation_2025/share/esda_simulation_2025/description/robot_visual.xacro
[0.426s] -- Symlinking: /home/samuel/MCAV/ESDA/Asterius_MK2/Asterius_MK2_ws/esda_simulation/install/esda_simulation_2025/share/esda_simulation_2025/description/ros2_control_2wd.xacro
[0.433s] -- Symlinking: /home/samuel/MCAV/ESDA/Asterius_MK2/Asterius_MK2_ws/esda_simulation/install/esda_simulation_2025/share/esda_simulation_2025/launch/launch_sim.launch.py
[0.443s] -- Symlinking: /home/samuel/MCAV/ESDA/Asterius_MK2/Asterius_MK2_ws/esda_simulation/install/esda_simulation_2025/share/esda_simulation_2025/launch/localization_launch.py
[0.450s] -- Symlinking: /home/samuel/MCAV/ESDA/Asterius_MK2/Asterius_MK2_ws/esda_simulation/install/esda_simulation_2025/share/esda_simulation_2025/launch/navigation_launch.py
[0.459s] -- Symlinking: /home/samuel/MCAV/ESDA/Asterius_MK2/Asterius_MK2_ws/esda_simulation/install/esda_simulation_2025/share/esda_simulation_2025/launch/online_async_launch.py
[0.468s] -- Symlinking: /home/samuel/MCAV/ESDA/Asterius_MK2/Asterius_MK2_ws/esda_simulation/install/esda_simulation_2025/share/esda_simulation_2025/launch/rsp.launch.py
[0.477s] -- Symlinking: /home/samuel/MCAV/ESDA/Asterius_MK2/Asterius_MK2_ws/esda_simulation/install/esda_simulation_2025/share/esda_simulation_2025/worlds/igvc.sdf
[0.486s] -- Symlinking: /home/samuel/MCAV/ESDA/Asterius_MK2/Asterius_MK2_ws/esda_simulation/install/esda_simulation_2025/share/esda_simulation_2025/worlds/sim_world.sdf
[0.494s] -- Symlinking: /home/samuel/MCAV/ESDA/Asterius_MK2/Asterius_MK2_ws/esda_simulation/install/esda_simulation_2025/share/esda_simulation_2025/assets/arm_endcap.part
[0.503s] -- Symlinking: /home/samuel/MCAV/ESDA/Asterius_MK2/Asterius_MK2_ws/esda_simulation/install/esda_simulation_2025/share/esda_simulation_2025/assets/arm_endcap.stl
[0.512s] -- Symlinking: /home/samuel/MCAV/ESDA/Asterius_MK2/Asterius_MK2_ws/esda_simulation/install/esda_simulation_2025/share/esda_simulation_2025/assets/arm_rhs.part
[0.522s] -- Symlinking: /home/samuel/MCAV/ESDA/Asterius_MK2/Asterius_MK2_ws/esda_simulation/install/esda_simulation_2025/share/esda_simulation_2025/assets/arm_rhs.stl
[0.531s] -- Symlinking: /home/samuel/MCAV/ESDA/Asterius_MK2/Asterius_MK2_ws/esda_simulation/install/esda_simulation_2025/share/esda_simulation_2025/assets/bearing_spacer.part
[0.541s] -- Symlinking: /home/samuel/MCAV/ESDA/Asterius_MK2/Asterius_MK2_ws/esda_simulation/install/esda_simulation_2025/share/esda_simulation_2025/assets/bearing_spacer.stl
[0.549s] -- Symlinking: /home/samuel/MCAV/ESDA/Asterius_MK2/Asterius_MK2_ws/esda_simulation/install/esda_simulation_2025/share/esda_simulation_2025/assets/bort_motor.part
[0.559s] -- Symlinking: /home/samuel/MCAV/ESDA/Asterius_MK2/Asterius_MK2_ws/esda_simulation/install/esda_simulation_2025/share/esda_simulation_2025/assets/bort_motor.stl
[0.567s] -- Symlinking: /home/samuel/MCAV/ESDA/Asterius_MK2/Asterius_MK2_ws/esda_simulation/install/esda_simulation_2025/share/esda_simulation_2025/assets/bort_rim.part
[0.576s] -- Symlinking: /home/samuel/MCAV/ESDA/Asterius_MK2/Asterius_MK2_ws/esda_simulation/install/esda_simulation_2025/share/esda_simulation_2025/assets/bort_rim.stl
[0.585s] -- Symlinking: /home/samuel/MCAV/ESDA/Asterius_MK2/Asterius_MK2_ws/esda_simulation/install/esda_simulation_2025/share/esda_simulation_2025/assets/bort_tire.part
[0.595s] -- Symlinking: /home/samuel/MCAV/ESDA/Asterius_MK2/Asterius_MK2_ws/esda_simulation/install/esda_simulation_2025/share/esda_simulation_2025/assets/bort_tire.stl
[0.605s] -- Symlinking: /home/samuel/MCAV/ESDA/Asterius_MK2/Asterius_MK2_ws/esda_simulation/install/esda_simulation_2025/share/esda_simulation_2025/assets/caster_arm_r.part
[0.615s] -- Symlinking: /home/samuel/MCAV/ESDA/Asterius_MK2/Asterius_MK2_ws/esda_simulation/install/esda_simulation_2025/share/esda_simulation_2025/assets/caster_arm_r.stl
[0.625s] -- Symlinking: /home/samuel/MCAV/ESDA/Asterius_MK2/Asterius_MK2_ws/esda_simulation/install/esda_simulation_2025/share/esda_simulation_2025/assets/cstr_wheel_rim.part
[0.634s] -- Symlinking: /home/samuel/MCAV/ESDA/Asterius_MK2/Asterius_MK2_ws/esda_simulation/install/esda_simulation_2025/share/esda_simulation_2025/assets/cstr_wheel_rim.stl
[0.642s] -- Symlinking: /home/samuel/MCAV/ESDA/Asterius_MK2/Asterius_MK2_ws/esda_simulation/install/esda_simulation_2025/share/esda_simulation_2025/assets/cstr_wheel_tyre.part
[0.653s] -- Symlinking: /home/samuel/MCAV/ESDA/Asterius_MK2/Asterius_MK2_ws/esda_simulation/install/esda_simulation_2025/share/esda_simulation_2025/assets/cstr_wheel_tyre.stl
[0.661s] -- Symlinking: /home/samuel/MCAV/ESDA/Asterius_MK2/Asterius_MK2_ws/esda_simulation/install/esda_simulation_2025/share/esda_simulation_2025/assets/drve_arm_bracket.part
[0.669s] -- Symlinking: /home/samuel/MCAV/ESDA/Asterius_MK2/Asterius_MK2_ws/esda_simulation/install/esda_simulation_2025/share/esda_simulation_2025/assets/drve_arm_bracket.stl
[0.680s] -- Symlinking: /home/samuel/MCAV/ESDA/Asterius_MK2/Asterius_MK2_ws/esda_simulation/install/esda_simulation_2025/share/esda_simulation_2025/assets/drve_bottom_plate.part
[0.690s] -- Symlinking: /home/samuel/MCAV/ESDA/Asterius_MK2/Asterius_MK2_ws/esda_simulation/install/esda_simulation_2025/share/esda_simulation_2025/assets/drve_bottom_plate.stl
[0.701s] -- Symlinking: /home/samuel/MCAV/ESDA/Asterius_MK2/Asterius_MK2_ws/esda_simulation/install/esda_simulation_2025/share/esda_simulation_2025/assets/drve_middle.part
[0.710s] -- Symlinking: /home/samuel/MCAV/ESDA/Asterius_MK2/Asterius_MK2_ws/esda_simulation/install/esda_simulation_2025/share/esda_simulation_2025/assets/drve_middle.stl
[0.720s] -- Symlinking: /home/samuel/MCAV/ESDA/Asterius_MK2/Asterius_MK2_ws/esda_simulation/install/esda_simulation_2025/share/esda_simulation_2025/assets/drve_output_carrier.part
[0.730s] -- Symlinking: /home/samuel/MCAV/ESDA/Asterius_MK2/Asterius_MK2_ws/esda_simulation/install/esda_simulation_2025/share/esda_simulation_2025/assets/drve_output_carrier.stl
[0.738s] -- Symlinking: /home/samuel/MCAV/ESDA/Asterius_MK2/Asterius_MK2_ws/esda_simulation/install/esda_simulation_2025/share/esda_simulation_2025/assets/drve_top_plate.part
[0.747s] -- Symlinking: /home/samuel/MCAV/ESDA/Asterius_MK2/Asterius_MK2_ws/esda_simulation/install/esda_simulation_2025/share/esda_simulation_2025/assets/drve_top_plate.stl
[0.754s] -- Symlinking: /home/samuel/MCAV/ESDA/Asterius_MK2/Asterius_MK2_ws/esda_simulation/install/esda_simulation_2025/share/esda_simulation_2025/assets/fcid_body_left__configuration_ali_2mm.part
[0.761s] -- Symlinking: /home/samuel/MCAV/ESDA/Asterius_MK2/Asterius_MK2_ws/esda_simulation/install/esda_simulation_2025/share/esda_simulation_2025/assets/fcid_body_left__configuration_ali_2mm.stl
[0.768s] -- Symlinking: /home/samuel/MCAV/ESDA/Asterius_MK2/Asterius_MK2_ws/esda_simulation/install/esda_simulation_2025/share/esda_simulation_2025/assets/fcid_body_right__configuration_ali_2mm.part
[0.775s] -- Symlinking: /home/samuel/MCAV/ESDA/Asterius_MK2/Asterius_MK2_ws/esda_simulation/install/esda_simulation_2025/share/esda_simulation_2025/assets/fcid_body_right__configuration_ali_2mm.stl
[0.781s] -- Symlinking: /home/samuel/MCAV/ESDA/Asterius_MK2/Asterius_MK2_ws/esda_simulation/install/esda_simulation_2025/share/esda_simulation_2025/assets/fcid_camera_mount.part
[0.786s] -- Symlinking: /home/samuel/MCAV/ESDA/Asterius_MK2/Asterius_MK2_ws/esda_simulation/install/esda_simulation_2025/share/esda_simulation_2025/assets/fcid_camera_mount.stl
[0.792s] -- Symlinking: /home/samuel/MCAV/ESDA/Asterius_MK2/Asterius_MK2_ws/esda_simulation/install/esda_simulation_2025/share/esda_simulation_2025/assets/fcid_divider__configuration_ali_2mm.part
[0.798s] -- Symlinking: /home/samuel/MCAV/ESDA/Asterius_MK2/Asterius_MK2_ws/esda_simulation/install/esda_simulation_2025/share/esda_simulation_2025/assets/fcid_divider__configuration_ali_2mm.stl
[0.804s] -- Symlinking: /home/samuel/MCAV/ESDA/Asterius_MK2/Asterius_MK2_ws/esda_simulation/install/esda_simulation_2025/share/esda_simulation_2025/assets/fcid_divider_mount__configuration_ali_2mm.part
[0.811s] -- Symlinking: /home/samuel/MCAV/ESDA/Asterius_MK2/Asterius_MK2_ws/esda_simulation/install/esda_simulation_2025/share/esda_simulation_2025/assets/fcid_divider_mount__configuration_ali_2mm.stl
[0.818s] -- Symlinking: /home/samuel/MCAV/ESDA/Asterius_MK2/Asterius_MK2_ws/esda_simulation/install/esda_simulation_2025/share/esda_simulation_2025/assets/fcid_gps_fin.part
[0.823s] -- Symlinking: /home/samuel/MCAV/ESDA/Asterius_MK2/Asterius_MK2_ws/esda_simulation/install/esda_simulation_2025/share/esda_simulation_2025/assets/fcid_gps_fin.stl
[0.830s] -- Symlinking: /home/samuel/MCAV/ESDA/Asterius_MK2/Asterius_MK2_ws/esda_simulation/install/esda_simulation_2025/share/esda_simulation_2025/assets/fcid_lid__configuration_ali_2mm.part
[0.838s] -- Symlinking: /home/samuel/MCAV/ESDA/Asterius_MK2/Asterius_MK2_ws/esda_simulation/install/esda_simulation_2025/share/esda_simulation_2025/assets/fcid_lid__configuration_ali_2mm.stl
[0.845s] -- Symlinking: /home/samuel/MCAV/ESDA/Asterius_MK2/Asterius_MK2_ws/esda_simulation/install/esda_simulation_2025/share/esda_simulation_2025/assets/fcid_lidar_fin.part
[0.850s] -- Symlinking: /home/samuel/MCAV/ESDA/Asterius_MK2/Asterius_MK2_ws/esda_simulation/install/esda_simulation_2025/share/esda_simulation_2025/assets/fcid_lidar_fin.stl
[0.857s] -- Symlinking: /home/samuel/MCAV/ESDA/Asterius_MK2/Asterius_MK2_ws/esda_simulation/install/esda_simulation_2025/share/esda_simulation_2025/assets/fcid_rear__configuration_ali_2mm.part
[0.863s] -- Symlinking: /home/samuel/MCAV/ESDA/Asterius_MK2/Asterius_MK2_ws/esda_simulation/install/esda_simulation_2025/share/esda_simulation_2025/assets/fcid_rear__configuration_ali_2mm.stl
[0.868s] -- Symlinking: /home/samuel/MCAV/ESDA/Asterius_MK2/Asterius_MK2_ws/esda_simulation/install/esda_simulation_2025/share/esda_simulation_2025/assets/fcid_welded_body__configuration_ali_2mm.part
[0.874s] -- Symlinking: /home/samuel/MCAV/ESDA/Asterius_MK2/Asterius_MK2_ws/esda_simulation/install/esda_simulation_2025/share/esda_simulation_2025/assets/fcid_welded_body__configuration_ali_2mm.stl
[0.881s] -- Symlinking: /home/samuel/MCAV/ESDA/Asterius_MK2/Asterius_MK2_ws/esda_simulation/install/esda_simulation_2025/share/esda_simulation_2025/assets/optic.part
[0.888s] -- Symlinking: /home/samuel/MCAV/ESDA/Asterius_MK2/Asterius_MK2_ws/esda_simulation/install/esda_simulation_2025/share/esda_simulation_2025/assets/optic.stl
[0.896s] -- Symlinking: /home/samuel/MCAV/ESDA/Asterius_MK2/Asterius_MK2_ws/esda_simulation/install/esda_simulation_2025/share/esda_simulation_2025/assets/optic__2.part
[0.902s] -- Symlinking: /home/samuel/MCAV/ESDA/Asterius_MK2/Asterius_MK2_ws/esda_simulation/install/esda_simulation_2025/share/esda_simulation_2025/assets/optic__2.stl
[0.908s] -- Symlinking: /home/samuel/MCAV/ESDA/Asterius_MK2/Asterius_MK2_ws/esda_simulation/install/esda_simulation_2025/share/esda_simulation_2025/assets/optic__3.part
[0.913s] -- Symlinking: /home/samuel/MCAV/ESDA/Asterius_MK2/Asterius_MK2_ws/esda_simulation/install/esda_simulation_2025/share/esda_simulation_2025/assets/optic__3.stl
[0.919s] -- Symlinking: /home/samuel/MCAV/ESDA/Asterius_MK2/Asterius_MK2_ws/esda_simulation/install/esda_simulation_2025/share/esda_simulation_2025/assets/optic__4.part
[0.926s] -- Symlinking: /home/samuel/MCAV/ESDA/Asterius_MK2/Asterius_MK2_ws/esda_simulation/install/esda_simulation_2025/share/esda_simulation_2025/assets/optic__4.stl
[0.933s] -- Symlinking: /home/samuel/MCAV/ESDA/Asterius_MK2/Asterius_MK2_ws/esda_simulation/install/esda_simulation_2025/share/esda_simulation_2025/assets/part_1.part
[0.940s] -- Symlinking: /home/samuel/MCAV/ESDA/Asterius_MK2/Asterius_MK2_ws/esda_simulation/install/esda_simulation_2025/share/esda_simulation_2025/assets/part_1.stl
[0.947s] -- Symlinking: /home/samuel/MCAV/ESDA/Asterius_MK2/Asterius_MK2_ws/esda_simulation/install/esda_simulation_2025/share/esda_simulation_2025/assets/robot.urdf
[0.953s] -- Symlinking: /home/samuel/MCAV/ESDA/Asterius_MK2/Asterius_MK2_ws/esda_simulation/install/esda_simulation_2025/share/esda_simulation_2025/assets/velodyne_vlp16.part
[0.960s] -- Symlinking: /home/samuel/MCAV/ESDA/Asterius_MK2/Asterius_MK2_ws/esda_simulation/install/esda_simulation_2025/share/esda_simulation_2025/assets/velodyne_vlp16.stl
[0.965s] -- Symlinking: /home/samuel/MCAV/ESDA/Asterius_MK2/Asterius_MK2_ws/esda_simulation/install/esda_simulation_2025/share/esda_simulation_2025/assets/zed2_ip_outer_with_lens_v8.part
[0.972s] -- Symlinking: /home/samuel/MCAV/ESDA/Asterius_MK2/Asterius_MK2_ws/esda_simulation/install/esda_simulation_2025/share/esda_simulation_2025/assets/zed2_ip_outer_with_lens_v8.stl
[0.979s] -- Symlinking: /home/samuel/MCAV/ESDA/Asterius_MK2/Asterius_MK2_ws/esda_simulation/install/esda_simulation_2025/share/esda_simulation_2025/assets/zed2_ip_outer_with_lens_v8__2.part
[0.990s] -- Symlinking: /home/samuel/MCAV/ESDA/Asterius_MK2/Asterius_MK2_ws/esda_simulation/install/esda_simulation_2025/share/esda_simulation_2025/assets/zed2_ip_outer_with_lens_v8__2.stl
[1.001s] -- Symlinking: /home/samuel/MCAV/ESDA/Asterius_MK2/Asterius_MK2_ws/esda_simulation/install/esda_simulation_2025/share/esda_simulation_2025/assets/zed2_ip_outer_with_lens_v8__3.part
[1.010s] -- Symlinking: /home/samuel/MCAV/ESDA/Asterius_MK2/Asterius_MK2_ws/esda_simulation/install/esda_simulation_2025/share/esda_simulation_2025/assets/zed2_ip_outer_with_lens_v8__3.stl
[1.019s] -- Symlinking: /home/samuel/MCAV/ESDA/Asterius_MK2/Asterius_MK2_ws/esda_simulation/install/esda_simulation_2025/share/esda_simulation_2025/maps/my_map_save.pgm
[1.026s] -- Symlinking: /home/samuel/MCAV/ESDA/Asterius_MK2/Asterius_MK2_ws/esda_simulation/install/esda_simulation_2025/share/esda_simulation_2025/maps/my_map_save.yaml
[1.032s] -- Symlinking: /home/samuel/MCAV/ESDA/Asterius_MK2/Asterius_MK2_ws/esda_simulation/install/esda_simulation_2025/share/esda_simulation_2025/models/orange_igvc/materials/scripts/ground.material
[1.040s] -- Symlinking: /home/samuel/MCAV/ESDA/Asterius_MK2/Asterius_MK2_ws/esda_simulation/install/esda_simulation_2025/share/esda_simulation_2025/models/orange_igvc/materials/textures/Construction_Barrel_Diffuse.png
[1.046s] -- Symlinking: /home/samuel/MCAV/ESDA/Asterius_MK2/Asterius_MK2_ws/esda_simulation/install/esda_simulation_2025/share/esda_simulation_2025/models/orange_igvc/materials/textures/ground.png
[1.051s] -- Symlinking: /home/samuel/MCAV/ESDA/Asterius_MK2/Asterius_MK2_ws/esda_simulation/install/esda_simulation_2025/share/esda_simulation_2025/models/orange_igvc/meshes/construction_barrel.dae
[1.056s] -- Symlinking: /home/samuel/MCAV/ESDA/Asterius_MK2/Asterius_MK2_ws/esda_simulation/install/esda_simulation_2025/share/esda_simulation_2025/models/orange_igvc/meshes/ground.dae
[1.062s] -- Symlinking: /home/samuel/MCAV/ESDA/Asterius_MK2/Asterius_MK2_ws/esda_simulation/install/esda_simulation_2025/share/esda_simulation_2025/models/orange_igvc/model.config
[1.069s] -- Symlinking: /home/samuel/MCAV/ESDA/Asterius_MK2/Asterius_MK2_ws/esda_simulation/install/esda_simulation_2025/share/esda_simulation_2025/models/orange_igvc/model.sdf
[1.075s] -- Symlinking: /home/samuel/MCAV/ESDA/Asterius_MK2/Asterius_MK2_ws/esda_simulation/install/esda_simulation_2025/share/ament_index/resource_index/package_run_dependencies/esda_simulation_2025
[1.081s] -- Symlinking: /home/samuel/MCAV/ESDA/Asterius_MK2/Asterius_MK2_ws/esda_simulation/install/esda_simulation_2025/share/ament_index/resource_index/parent_prefix_path/esda_simulation_2025
[1.087s] -- Symlinking: /home/samuel/MCAV/ESDA/Asterius_MK2/Asterius_MK2_ws/esda_simulation/install/esda_simulation_2025/share/esda_simulation_2025/environment/ament_prefix_path.sh
[1.092s] -- Symlinking: /home/samuel/MCAV/ESDA/Asterius_MK2/Asterius_MK2_ws/esda_simulation/install/esda_simulation_2025/share/esda_simulation_2025/environment/ament_prefix_path.dsv
[1.098s] -- Symlinking: /home/samuel/MCAV/ESDA/Asterius_MK2/Asterius_MK2_ws/esda_simulation/install/esda_simulation_2025/share/esda_simulation_2025/environment/path.sh
[1.105s] -- Symlinking: /home/samuel/MCAV/ESDA/Asterius_MK2/Asterius_MK2_ws/esda_simulation/install/esda_simulation_2025/share/esda_simulation_2025/environment/path.dsv
[1.111s] -- Symlinking: /home/samuel/MCAV/ESDA/Asterius_MK2/Asterius_MK2_ws/esda_simulation/install/esda_simulation_2025/share/esda_simulation_2025/local_setup.bash
[1.118s] -- Symlinking: /home/samuel/MCAV/ESDA/Asterius_MK2/Asterius_MK2_ws/esda_simulation/install/esda_simulation_2025/share/esda_simulation_2025/local_setup.sh
[1.124s] -- Symlinking: /home/samuel/MCAV/ESDA/Asterius_MK2/Asterius_MK2_ws/esda_simulation/install/esda_simulation_2025/share/esda_simulation_2025/local_setup.zsh
[1.129s] -- Symlinking: /home/samuel/MCAV/ESDA/Asterius_MK2/Asterius_MK2_ws/esda_simulation/install/esda_simulation_2025/share/esda_simulation_2025/local_setup.dsv
[1.135s] -- Symlinking: /home/samuel/MCAV/ESDA/Asterius_MK2/Asterius_MK2_ws/esda_simulation/install/esda_simulation_2025/share/esda_simulation_2025/package.dsv
[1.142s] -- Symlinking: /home/samuel/MCAV/ESDA/Asterius_MK2/Asterius_MK2_ws/esda_simulation/install/esda_simulation_2025/share/ament_index/resource_index/packages/esda_simulation_2025
[1.150s] -- Symlinking: /home/samuel/MCAV/ESDA/Asterius_MK2/Asterius_MK2_ws/esda_simulation/install/esda_simulation_2025/share/esda_simulation_2025/cmake/esda_simulation_2025Config.cmake
[1.157s] -- Symlinking: /home/samuel/MCAV/ESDA/Asterius_MK2/Asterius_MK2_ws/esda_simulation/install/esda_simulation_2025/share/esda_simulation_2025/cmake/esda_simulation_2025Config-version.cmake
[1.165s] -- Symlinking: /home/samuel/MCAV/ESDA/Asterius_MK2/Asterius_MK2_ws/esda_simulation/install/esda_simulation_2025/share/esda_simulation_2025/package.xml
[1.173s] Invoked command in '/home/samuel/MCAV/ESDA/Asterius_MK2/Asterius_MK2_ws/esda_simulation/build/esda_simulation_2025' returned '0': CMAKE_PREFIX_PATH=/opt/ros/humble /usr/bin/cmake --install /home/samuel/MCAV/ESDA/Asterius_MK2/Asterius_MK2_ws/esda_simulation/build/esda_simulation_2025
