[0.008s] Invoking command in '/home/samuel/MCAV/ESDA/Asterius_MK2/Asterius_MK2_ws/esda_simulation/build/esda_hardware_2025': CMAKE_PREFIX_PATH=/opt/ros/humble /usr/bin/cmake --build /home/samuel/MCAV/ESDA/Asterius_MK2/Asterius_MK2_ws/esda_simulation/build/esda_hardware_2025 -- -j20 -l20
[0.049s] [ 50%] [32mBuilding CXX object CMakeFiles/esda_hardware_2025.dir/hardware/esda_hardware_2025.cpp.o[0m
[0.058s] In file included from [01m[K/home/samuel/MCAV/ESDA/Asterius_MK2/Asterius_MK2_ws/esda_simulation/src/esda_hardware_2025/hardware/esda_hardware_2025.cpp:1[m[K:
[0.058s] [01m[K/home/samuel/MCAV/ESDA/Asterius_MK2/Asterius_MK2_ws/esda_simulation/src/esda_hardware_2025/hardware/include/esda_hardware_2025/esda_hardware_2025.hpp:43:60:[m[K [01;35m[Kwarning: [m[Kextra ‘[01m[K;[m[K’ [[01;35m[K-Wpedantic[m[K]
[0.058s]    43 |             RCLCPP_SHARED_PTR_DEFINITIONS(EsdaHardware2025)[01;35m[K;[m[K
[0.058s]       |                                                            [01;35m[K^[m[K
[0.058s]       |                                                            [31m[K-[m[K
[0.065s] [100%] [32m[1mLinking CXX shared library libesda_hardware_2025.so[0m
[0.167s] [100%] Built target esda_hardware_2025
[0.175s] Invoked command in '/home/samuel/MCAV/ESDA/Asterius_MK2/Asterius_MK2_ws/esda_simulation/build/esda_hardware_2025' returned '0': CMAKE_PREFIX_PATH=/opt/ros/humble /usr/bin/cmake --build /home/samuel/MCAV/ESDA/Asterius_MK2/Asterius_MK2_ws/esda_simulation/build/esda_hardware_2025 -- -j20 -l20
[0.176s] Invoking command in '/home/samuel/MCAV/ESDA/Asterius_MK2/Asterius_MK2_ws/esda_simulation/build/esda_hardware_2025': CMAKE_PREFIX_PATH=/opt/ros/humble /usr/bin/cmake --install /home/samuel/MCAV/ESDA/Asterius_MK2/Asterius_MK2_ws/esda_simulation/build/esda_hardware_2025
[0.181s] -- Install configuration: ""
[0.181s] -- Execute custom install script
[0.182s] -- Up-to-date symlink: /home/samuel/MCAV/ESDA/Asterius_MK2/Asterius_MK2_ws/esda_simulation/install/esda_hardware_2025/share/esda_hardware_2025//esda_hardware_2025.xml
[0.182s] -- Up-to-date symlink: /home/samuel/MCAV/ESDA/Asterius_MK2/Asterius_MK2_ws/esda_simulation/install/esda_hardware_2025/include/esda_hardware_2025/esda_hardware_2025/esda_hardware_2025.hpp
[0.182s] -- Up-to-date symlink: /home/samuel/MCAV/ESDA/Asterius_MK2/Asterius_MK2_ws/esda_simulation/install/esda_hardware_2025/include/esda_hardware_2025/esda_hardware_2025/stm_comms.hpp
[0.182s] -- Up-to-date symlink: /home/samuel/MCAV/ESDA/Asterius_MK2/Asterius_MK2_ws/esda_simulation/install/esda_hardware_2025/include/esda_hardware_2025/esda_hardware_2025/visibility_control.h
[0.182s] -- Up-to-date symlink: /home/samuel/MCAV/ESDA/Asterius_MK2/Asterius_MK2_ws/esda_simulation/install/esda_hardware_2025/include/esda_hardware_2025/esda_hardware_2025/wheels.hpp
[0.182s] -- Up-to-date symlink: /home/samuel/MCAV/ESDA/Asterius_MK2/Asterius_MK2_ws/esda_simulation/install/esda_hardware_2025/share/ament_index/resource_index/package_run_dependencies/esda_hardware_2025
[0.182s] -- Up-to-date symlink: /home/samuel/MCAV/ESDA/Asterius_MK2/Asterius_MK2_ws/esda_simulation/install/esda_hardware_2025/share/ament_index/resource_index/parent_prefix_path/esda_hardware_2025
[0.182s] -- Up-to-date symlink: /home/samuel/MCAV/ESDA/Asterius_MK2/Asterius_MK2_ws/esda_simulation/install/esda_hardware_2025/share/esda_hardware_2025/environment/ament_prefix_path.sh
[0.182s] -- Up-to-date symlink: /home/samuel/MCAV/ESDA/Asterius_MK2/Asterius_MK2_ws/esda_simulation/install/esda_hardware_2025/share/esda_hardware_2025/environment/ament_prefix_path.dsv
[0.182s] -- Up-to-date symlink: /home/samuel/MCAV/ESDA/Asterius_MK2/Asterius_MK2_ws/esda_simulation/install/esda_hardware_2025/share/esda_hardware_2025/environment/path.sh
[0.183s] -- Up-to-date symlink: /home/samuel/MCAV/ESDA/Asterius_MK2/Asterius_MK2_ws/esda_simulation/install/esda_hardware_2025/share/esda_hardware_2025/environment/path.dsv
[0.183s] -- Up-to-date symlink: /home/samuel/MCAV/ESDA/Asterius_MK2/Asterius_MK2_ws/esda_simulation/install/esda_hardware_2025/share/esda_hardware_2025/local_setup.bash
[0.183s] -- Up-to-date symlink: /home/samuel/MCAV/ESDA/Asterius_MK2/Asterius_MK2_ws/esda_simulation/install/esda_hardware_2025/share/esda_hardware_2025/local_setup.sh
[0.183s] -- Up-to-date symlink: /home/samuel/MCAV/ESDA/Asterius_MK2/Asterius_MK2_ws/esda_simulation/install/esda_hardware_2025/share/esda_hardware_2025/local_setup.zsh
[0.183s] -- Up-to-date symlink: /home/samuel/MCAV/ESDA/Asterius_MK2/Asterius_MK2_ws/esda_simulation/install/esda_hardware_2025/share/esda_hardware_2025/local_setup.dsv
[0.183s] -- Symlinking: /home/samuel/MCAV/ESDA/Asterius_MK2/Asterius_MK2_ws/esda_simulation/install/esda_hardware_2025/share/esda_hardware_2025/package.dsv
[0.188s] -- Up-to-date symlink: /home/samuel/MCAV/ESDA/Asterius_MK2/Asterius_MK2_ws/esda_simulation/install/esda_hardware_2025/share/ament_index/resource_index/packages/esda_hardware_2025
[0.188s] -- Up-to-date symlink: /home/samuel/MCAV/ESDA/Asterius_MK2/Asterius_MK2_ws/esda_simulation/install/esda_hardware_2025/share/ament_index/resource_index/hardware_interface__pluginlib__plugin/esda_hardware_2025
[0.188s] -- Up-to-date symlink: /home/samuel/MCAV/ESDA/Asterius_MK2/Asterius_MK2_ws/esda_simulation/install/esda_hardware_2025/share/esda_hardware_2025/cmake/esda_hardware_2025Config.cmake
[0.188s] -- Up-to-date symlink: /home/samuel/MCAV/ESDA/Asterius_MK2/Asterius_MK2_ws/esda_simulation/install/esda_hardware_2025/share/esda_hardware_2025/cmake/esda_hardware_2025Config-version.cmake
[0.188s] -- Up-to-date symlink: /home/samuel/MCAV/ESDA/Asterius_MK2/Asterius_MK2_ws/esda_simulation/install/esda_hardware_2025/share/esda_hardware_2025/package.xml
[0.188s] -- Installing: /home/samuel/MCAV/ESDA/Asterius_MK2/Asterius_MK2_ws/esda_simulation/install/esda_hardware_2025/lib/libesda_hardware_2025.so
[0.189s] -- Set runtime path of "/home/samuel/MCAV/ESDA/Asterius_MK2/Asterius_MK2_ws/esda_simulation/install/esda_hardware_2025/lib/libesda_hardware_2025.so" to ""
[0.191s] Invoked command in '/home/samuel/MCAV/ESDA/Asterius_MK2/Asterius_MK2_ws/esda_simulation/build/esda_hardware_2025' returned '0': CMAKE_PREFIX_PATH=/opt/ros/humble /usr/bin/cmake --install /home/samuel/MCAV/ESDA/Asterius_MK2/Asterius_MK2_ws/esda_simulation/build/esda_hardware_2025
